{"/home/makyr-linux/arcturus/modules/sleepydogs/src/functions/safewrap/index.ts": {"path":"/home/makyr-linux/arcturus/modules/sleepydogs/src/functions/safewrap/index.ts","statementMap":{"0":{"start":{"line":2,"column":0},"end":{"line":2,"column":59}},"1":{"start":{"line":3,"column":0},"end":{"line":3,"column":80}},"2":{"start":{"line":5,"column":0},"end":{"line":5,"column":null}},"3":{"start":{"line":6,"column":2},"end":{"line":6,"column":null}},"4":{"start":{"line":7,"column":2},"end":{"line":7,"column":null}},"5":{"start":{"line":8,"column":2},"end":{"line":8,"column":null}},"6":{"start":{"line":27,"column":2},"end":{"line":47,"column":3}},"7":{"start":{"line":28,"column":4},"end":{"line":46,"column":6}},"8":{"start":{"line":29,"column":21},"end":{"line":30,"column":null}},"9":{"start":{"line":30,"column":21},"end":{"line":30,"column":44}},"10":{"start":{"line":32,"column":33},"end":{"line":32,"column":39}},"11":{"start":{"line":33,"column":6},"end":{"line":39,"column":7}},"12":{"start":{"line":34,"column":8},"end":{"line":38,"column":10}},"13":{"start":{"line":40,"column":24},"end":{"line":40,"column":56}},"14":{"start":{"line":41,"column":6},"end":{"line":45,"column":8}},"15":{"start":{"line":49,"column":2},"end":{"line":66,"column":4}},"16":{"start":{"line":50,"column":19},"end":{"line":51,"column":40}},"17":{"start":{"line":51,"column":6},"end":{"line":51,"column":23}},"18":{"start":{"line":52,"column":36},"end":{"line":52,"column":42}},"19":{"start":{"line":53,"column":4},"end":{"line":59,"column":5}},"20":{"start":{"line":54,"column":6},"end":{"line":58,"column":8}},"21":{"start":{"line":61,"column":4},"end":{"line":65,"column":6}},"22":{"start":{"line":23,"column":0},"end":{"line":23,"column":16}},"23":{"start":{"line":69,"column":0},"end":{"line":69,"column":24}}},"fnMap":{"0":{"name":"(anonymous_1)","decl":{"start":{"line":5,"column":0},"end":{"line":5,"column":12}},"loc":{"start":{"line":5,"column":29},"end":{"line":9,"column":1}}},"1":{"name":"safewrap","decl":{"start":{"line":23,"column":16},"end":{"line":23,"column":24}},"loc":{"start":{"line":25,"column":15},"end":{"line":67,"column":1}}},"2":{"name":"(anonymous_3)","decl":{"start":{"line":28,"column":11},"end":{"line":28,"column":16}},"loc":{"start":{"line":28,"column":41},"end":{"line":46,"column":5}}},"3":{"name":"(anonymous_4)","decl":{"start":{"line":30,"column":9},"end":{"line":30,"column":14}},"loc":{"start":{"line":30,"column":21},"end":{"line":30,"column":44}}},"4":{"name":"(anonymous_5)","decl":{"start":{"line":49,"column":9},"end":{"line":49,"column":19}},"loc":{"start":{"line":49,"column":33},"end":{"line":66,"column":3}}},"5":{"name":"(anonymous_6)","decl":{"start":{"line":50,"column":43},"end":{"line":50,"column":46}},"loc":{"start":{"line":51,"column":6},"end":{"line":51,"column":23}}}},"branchMap":{"0":{"loc":{"start":{"line":5,"column":12},"end":{"line":5,"column":null}},"type":"binary-expr","locations":[{"start":{"line":5,"column":12},"end":{"line":5,"column":29}},{"start":{"line":5,"column":29},"end":{"line":5,"column":null}}]},"1":{"loc":{"start":{"line":25,"column":2},"end":{"line":25,"column":15}},"type":"default-arg","locations":[{"start":{"line":25,"column":10},"end":{"line":25,"column":15}}]},"2":{"loc":{"start":{"line":27,"column":2},"end":{"line":47,"column":3}},"type":"if","locations":[{"start":{"line":27,"column":2},"end":{"line":47,"column":3}}]},"3":{"loc":{"start":{"line":33,"column":6},"end":{"line":39,"column":7}},"type":"if","locations":[{"start":{"line":33,"column":6},"end":{"line":39,"column":7}}]},"4":{"loc":{"start":{"line":53,"column":4},"end":{"line":59,"column":5}},"type":"if","locations":[{"start":{"line":53,"column":4},"end":{"line":59,"column":5}}]}},"s":{"0":1,"1":1,"2":1,"3":1,"4":1,"5":1,"6":1,"7":0,"8":0,"9":0,"10":0,"11":0,"12":0,"13":0,"14":0,"15":1,"16":1,"17":1,"18":1,"19":1,"20":0,"21":1,"22":1,"23":1},"f":{"0":1,"1":1,"2":0,"3":0,"4":1,"5":1},"b":{"0":[1,1],"1":[1],"2":[0],"3":[0],"4":[0]}}
,"/home/makyr-linux/arcturus/modules/sleepydogs/src/models/Attempt/Attempt.ts": {"path":"/home/makyr-linux/arcturus/modules/sleepydogs/src/models/Attempt/Attempt.ts","statementMap":{"0":{"start":{"line":1,"column":0},"end":{"line":1,"column":19}},"1":{"start":{"line":100,"column":18},"end":{"line":1,"column":64}},"2":{"start":{"line":4,"column":0},"end":{"line":4,"column":49}},"3":{"start":{"line":5,"column":0},"end":{"line":5,"column":80}},"4":{"start":{"line":8,"column":10},"end":{"line":8,"column":11}},"5":{"start":{"line":9,"column":11},"end":{"line":9,"column":28}},"6":{"start":{"line":22,"column":4},"end":{"line":22,"column":29}},"7":{"start":{"line":23,"column":4},"end":{"line":23,"column":27}},"8":{"start":{"line":24,"column":4},"end":{"line":24,"column":31}},"9":{"start":{"line":25,"column":4},"end":{"line":25,"column":27}},"10":{"start":{"line":27,"column":4},"end":{"line":29,"column":5}},"11":{"start":{"line":28,"column":6},"end":{"line":28,"column":21}},"12":{"start":{"line":33,"column":4},"end":{"line":33,"column":43}},"13":{"start":{"line":35,"column":4},"end":{"line":38,"column":5}},"14":{"start":{"line":36,"column":6},"end":{"line":36,"column":40}},"15":{"start":{"line":37,"column":6},"end":{"line":37,"column":13}},"16":{"start":{"line":40,"column":30},"end":{"line":40,"column":67}},"17":{"start":{"line":42,"column":4},"end":{"line":57,"column":5}},"18":{"start":{"line":43,"column":6},"end":{"line":43,"column":40}},"19":{"start":{"line":45,"column":6},"end":{"line":50,"column":7}},"20":{"start":{"line":46,"column":8},"end":{"line":46,"column":44}},"21":{"start":{"line":47,"column":8},"end":{"line":47,"column":24}},"22":{"start":{"line":48,"column":8},"end":{"line":48,"column":23}},"23":{"start":{"line":49,"column":8},"end":{"line":49,"column":15}},"24":{"start":{"line":52,"column":6},"end":{"line":54,"column":7}},"25":{"start":{"line":53,"column":8},"end":{"line":53,"column":28}},"26":{"start":{"line":56,"column":6},"end":{"line":56,"column":13}},"27":{"start":{"line":59,"column":4},"end":{"line":59,"column":41}},"28":{"start":{"line":63,"column":4},"end":{"line":63,"column":43}},"29":{"start":{"line":65,"column":4},"end":{"line":68,"column":5}},"30":{"start":{"line":66,"column":6},"end":{"line":66,"column":40}},"31":{"start":{"line":67,"column":6},"end":{"line":67,"column":13}},"32":{"start":{"line":70,"column":4},"end":{"line":92,"column":7}},"33":{"start":{"line":71,"column":27},"end":{"line":71,"column":33}},"34":{"start":{"line":72,"column":6},"end":{"line":89,"column":7}},"35":{"start":{"line":73,"column":26},"end":{"line":73,"column":58}},"36":{"start":{"line":75,"column":8},"end":{"line":75,"column":42}},"37":{"start":{"line":77,"column":8},"end":{"line":82,"column":9}},"38":{"start":{"line":78,"column":10},"end":{"line":78,"column":46}},"39":{"start":{"line":79,"column":10},"end":{"line":79,"column":26}},"40":{"start":{"line":80,"column":10},"end":{"line":80,"column":27}},"41":{"start":{"line":81,"column":10},"end":{"line":81,"column":17}},"42":{"start":{"line":84,"column":8},"end":{"line":86,"column":9}},"43":{"start":{"line":85,"column":10},"end":{"line":85,"column":30}},"44":{"start":{"line":88,"column":8},"end":{"line":88,"column":15}},"45":{"start":{"line":91,"column":6},"end":{"line":91,"column":43}},"46":{"start":{"line":96,"column":4},"end":{"line":96,"column":23}},"47":{"start":{"line":100,"column":9},"end":{"line":100,"column":16}}},"fnMap":{"0":{"name":"(anonymous_1)","decl":{"start":{"line":100,"column":18},"end":{"line":100,"column":30}},"loc":{"start":{"line":100,"column":18},"end":{"line":1,"column":64}}},"1":{"name":"(anonymous_2)","decl":{"start":{"line":16,"column":2},"end":{"line":16,"column":null}},"loc":{"start":{"line":20,"column":15},"end":{"line":30,"column":3}}},"2":{"name":"(anonymous_3)","decl":{"start":{"line":32,"column":2},"end":{"line":32,"column":9}},"loc":{"start":{"line":32,"column":9},"end":{"line":60,"column":3}}},"3":{"name":"(anonymous_4)","decl":{"start":{"line":62,"column":2},"end":{"line":62,"column":7}},"loc":{"start":{"line":62,"column":11},"end":{"line":93,"column":3}}},"4":{"name":"(anonymous_5)","decl":{"start":{"line":70,"column":58},"end":{"line":70,"column":63}},"loc":{"start":{"line":70,"column":75},"end":{"line":92,"column":5}}},"5":{"name":"(anonymous_6)","decl":{"start":{"line":95,"column":2},"end":{"line":95,"column":6}},"loc":{"start":{"line":95,"column":11},"end":{"line":97,"column":3}}}},"branchMap":{"0":{"loc":{"start":{"line":18,"column":4},"end":{"line":18,"column":37}},"type":"default-arg","locations":[{"start":{"line":18,"column":33},"end":{"line":18,"column":37}}]},"1":{"loc":{"start":{"line":19,"column":4},"end":{"line":19,"column":21}},"type":"default-arg","locations":[{"start":{"line":19,"column":16},"end":{"line":19,"column":21}}]},"2":{"loc":{"start":{"line":20,"column":4},"end":{"line":20,"column":15}},"type":"default-arg","locations":[{"start":{"line":20,"column":14},"end":{"line":20,"column":15}}]},"3":{"loc":{"start":{"line":27,"column":4},"end":{"line":29,"column":5}},"type":"if","locations":[{"start":{"line":27,"column":4},"end":{"line":29,"column":5}}]},"4":{"loc":{"start":{"line":35,"column":4},"end":{"line":38,"column":5}},"type":"if","locations":[{"start":{"line":35,"column":4},"end":{"line":38,"column":5}}]},"5":{"loc":{"start":{"line":42,"column":4},"end":{"line":57,"column":5}},"type":"if","locations":[{"start":{"line":42,"column":4},"end":{"line":57,"column":5}}]},"6":{"loc":{"start":{"line":45,"column":6},"end":{"line":50,"column":7}},"type":"if","locations":[{"start":{"line":45,"column":6},"end":{"line":50,"column":7}}]},"7":{"loc":{"start":{"line":52,"column":6},"end":{"line":54,"column":7}},"type":"if","locations":[{"start":{"line":52,"column":6},"end":{"line":54,"column":7}}]},"8":{"loc":{"start":{"line":65,"column":4},"end":{"line":68,"column":5}},"type":"if","locations":[{"start":{"line":65,"column":4},"end":{"line":68,"column":5}}]},"9":{"loc":{"start":{"line":72,"column":6},"end":{"line":89,"column":7}},"type":"if","locations":[{"start":{"line":72,"column":6},"end":{"line":89,"column":7}}]},"10":{"loc":{"start":{"line":77,"column":8},"end":{"line":82,"column":9}},"type":"if","locations":[{"start":{"line":77,"column":8},"end":{"line":82,"column":9}}]},"11":{"loc":{"start":{"line":84,"column":8},"end":{"line":86,"column":9}},"type":"if","locations":[{"start":{"line":84,"column":8},"end":{"line":86,"column":9}}]}},"s":{"0":1,"1":8,"2":1,"3":1,"4":7,"5":7,"6":7,"7":7,"8":7,"9":7,"10":7,"11":1,"12":5,"13":5,"14":0,"15":0,"16":5,"17":5,"18":2,"19":2,"20":1,"21":1,"22":1,"23":1,"24":1,"25":1,"26":1,"27":3,"28":4,"29":4,"30":0,"31":0,"32":4,"33":4,"34":4,"35":2,"36":2,"37":2,"38":1,"39":1,"40":1,"41":1,"42":1,"43":1,"44":1,"45":2,"46":7,"47":1},"f":{"0":7,"1":7,"2":5,"3":4,"4":4,"5":7},"b":{"0":[2],"1":[4],"2":[5],"3":[1],"4":[0],"5":[2],"6":[1],"7":[1],"8":[0],"9":[2],"10":[1],"11":[1]}}
,"/home/makyr-linux/arcturus/modules/sleepydogs/src/models/Invoke/Invoke.ts": {"path":"/home/makyr-linux/arcturus/modules/sleepydogs/src/models/Invoke/Invoke.ts","statementMap":{"0":{"start":{"line":2,"column":0},"end":{"line":2,"column":null}},"1":{"start":{"line":15,"column":16},"end":{"line":15,"column":20}},"2":{"start":{"line":16,"column":17},"end":{"line":16,"column":37}},"3":{"start":{"line":17,"column":4},"end":{"line":46,"column":5}},"4":{"start":{"line":18,"column":6},"end":{"line":18,"column":24}},"5":{"start":{"line":19,"column":6},"end":{"line":19,"column":39}},"6":{"start":{"line":20,"column":6},"end":{"line":24,"column":8}},"7":{"start":{"line":26,"column":6},"end":{"line":26,"column":18}},"8":{"start":{"line":27,"column":6},"end":{"line":27,"column":38}},"9":{"start":{"line":29,"column":6},"end":{"line":31,"column":7}},"10":{"start":{"line":30,"column":8},"end":{"line":30,"column":18}},"11":{"start":{"line":33,"column":6},"end":{"line":35,"column":7}},"12":{"start":{"line":34,"column":8},"end":{"line":34,"column":29}},"13":{"start":{"line":37,"column":6},"end":{"line":39,"column":7}},"14":{"start":{"line":38,"column":8},"end":{"line":38,"column":46}},"15":{"start":{"line":41,"column":6},"end":{"line":45,"column":8}},"16":{"start":{"line":52,"column":19},"end":{"line":52,"column":24}},"17":{"start":{"line":53,"column":19},"end":{"line":53,"column":24}},"18":{"start":{"line":56,"column":4},"end":{"line":75,"column":5}},"19":{"start":{"line":57,"column":6},"end":{"line":57,"column":35}},"20":{"start":{"line":58,"column":6},"end":{"line":58,"column":22}},"21":{"start":{"line":59,"column":6},"end":{"line":63,"column":8}},"22":{"start":{"line":65,"column":6},"end":{"line":65,"column":23}},"23":{"start":{"line":66,"column":6},"end":{"line":66,"column":18}},"24":{"start":{"line":67,"column":6},"end":{"line":67,"column":22}},"25":{"start":{"line":68,"column":18},"end":{"line":68,"column":71}},"26":{"start":{"line":69,"column":6},"end":{"line":74,"column":8}},"27":{"start":{"line":10,"column":0},"end":{"line":10,"column":21}}},"fnMap":{"0":{"name":"(anonymous_0)","decl":{"start":{"line":11,"column":2},"end":{"line":11,"column":8}},"loc":{"start":{"line":12,"column":15},"end":{"line":47,"column":3}}},"1":{"name":"(anonymous_1)","decl":{"start":{"line":49,"column":2},"end":{"line":49,"column":8}},"loc":{"start":{"line":50,"column":20},"end":{"line":76,"column":3}}}},"branchMap":{"0":{"loc":{"start":{"line":29,"column":6},"end":{"line":31,"column":7}},"type":"if","locations":[{"start":{"line":29,"column":6},"end":{"line":31,"column":7}}]},"1":{"loc":{"start":{"line":33,"column":6},"end":{"line":35,"column":7}},"type":"if","locations":[{"start":{"line":33,"column":6},"end":{"line":35,"column":7}}]},"2":{"loc":{"start":{"line":37,"column":6},"end":{"line":39,"column":7}},"type":"if","locations":[{"start":{"line":37,"column":6},"end":{"line":39,"column":7}}]},"3":{"loc":{"start":{"line":68,"column":18},"end":{"line":68,"column":71}},"type":"cond-expr","locations":[{"start":{"line":68,"column":39},"end":{"line":68,"column":40}},{"start":{"line":68,"column":43},"end":{"line":68,"column":71}}]}},"s":{"0":3,"1":8,"2":8,"3":8,"4":8,"5":5,"6":5,"7":3,"8":3,"9":3,"10":3,"11":3,"12":0,"13":3,"14":0,"15":3,"16":6,"17":6,"18":6,"19":6,"20":3,"21":3,"22":3,"23":3,"24":3,"25":3,"26":3,"27":3},"f":{"0":8,"1":6},"b":{"0":[3],"1":[0],"2":[0],"3":[3,0]}}
,"/home/makyr-linux/arcturus/modules/sleepydogs/src/models/Logger/Logger.ts": {"path":"/home/makyr-linux/arcturus/modules/sleepydogs/src/models/Logger/Logger.ts","statementMap":{"0":{"start":{"line":1,"column":0},"end":{"line":1,"column":null}},"1":{"start":{"line":2,"column":4},"end":{"line":2,"column":null}},"2":{"start":{"line":3,"column":4},"end":{"line":3,"column":null}},"3":{"start":{"line":4,"column":4},"end":{"line":4,"column":null}},"4":{"start":{"line":5,"column":4},"end":{"line":5,"column":null}},"5":{"start":{"line":6,"column":4},"end":{"line":6,"column":null}},"6":{"start":{"line":7,"column":4},"end":{"line":7,"column":null}},"7":{"start":{"line":8,"column":4},"end":{"line":8,"column":null}},"8":{"start":{"line":9,"column":4},"end":{"line":9,"column":null}},"9":{"start":{"line":10,"column":4},"end":{"line":10,"column":null}},"10":{"start":{"line":11,"column":4},"end":{"line":11,"column":null}},"11":{"start":{"line":14,"column":0},"end":{"line":14,"column":null}},"12":{"start":{"line":15,"column":4},"end":{"line":15,"column":null}},"13":{"start":{"line":16,"column":4},"end":{"line":16,"column":null}},"14":{"start":{"line":17,"column":4},"end":{"line":17,"column":null}},"15":{"start":{"line":21,"column":4},"end":{"line":21,"column":52}},"16":{"start":{"line":21,"column":37},"end":{"line":21,"column":51}},"17":{"start":{"line":25,"column":4},"end":{"line":25,"column":32}},"18":{"start":{"line":40,"column":0},"end":{"line":40,"column":null}},"19":{"start":{"line":42,"column":6},"end":{"line":51,"column":null}},"20":{"start":{"line":44,"column":38},"end":{"line":44,"column":88}},"21":{"start":{"line":45,"column":12},"end":{"line":47,"column":13}},"22":{"start":{"line":46,"column":16},"end":{"line":46,"column":115}},"23":{"start":{"line":49,"column":12},"end":{"line":49,"column":45}},"24":{"start":{"line":41,"column":20},"end":{"line":52,"column":null}},"25":{"start":{"line":56,"column":8},"end":{"line":56,"column":47}},"26":{"start":{"line":56,"column":35},"end":{"line":56,"column":47}},"27":{"start":{"line":58,"column":8},"end":{"line":150,"column":9}},"28":{"start":{"line":60,"column":16},"end":{"line":75,"column":null}},"29":{"start":{"line":62,"column":35},"end":{"line":62,"column":58}},"30":{"start":{"line":63,"column":38},"end":{"line":63,"column":94}},"31":{"start":{"line":64,"column":36},"end":{"line":64,"column":217}},"32":{"start":{"line":65,"column":24},"end":{"line":73,"column":25}},"33":{"start":{"line":66,"column":28},"end":{"line":66,"column":null}},"34":{"start":{"line":67,"column":28},"end":{"line":67,"column":178}},"35":{"start":{"line":68,"column":28},"end":{"line":68,"column":35}},"36":{"start":{"line":69,"column":31},"end":{"line":73,"column":25}},"37":{"start":{"line":70,"column":28},"end":{"line":70,"column":null}},"38":{"start":{"line":72,"column":28},"end":{"line":72,"column":65}},"39":{"start":{"line":78,"column":16},"end":{"line":93,"column":null}},"40":{"start":{"line":80,"column":35},"end":{"line":80,"column":58}},"41":{"start":{"line":81,"column":38},"end":{"line":81,"column":94}},"42":{"start":{"line":82,"column":36},"end":{"line":82,"column":217}},"43":{"start":{"line":83,"column":24},"end":{"line":91,"column":25}},"44":{"start":{"line":84,"column":28},"end":{"line":84,"column":null}},"45":{"start":{"line":85,"column":28},"end":{"line":85,"column":178}},"46":{"start":{"line":86,"column":28},"end":{"line":86,"column":35}},"47":{"start":{"line":87,"column":31},"end":{"line":91,"column":25}},"48":{"start":{"line":88,"column":28},"end":{"line":88,"column":null}},"49":{"start":{"line":90,"column":28},"end":{"line":90,"column":65}},"50":{"start":{"line":96,"column":16},"end":{"line":111,"column":null}},"51":{"start":{"line":98,"column":35},"end":{"line":98,"column":58}},"52":{"start":{"line":99,"column":38},"end":{"line":99,"column":94}},"53":{"start":{"line":100,"column":36},"end":{"line":100,"column":218}},"54":{"start":{"line":101,"column":24},"end":{"line":109,"column":25}},"55":{"start":{"line":102,"column":28},"end":{"line":102,"column":null}},"56":{"start":{"line":103,"column":28},"end":{"line":103,"column":178}},"57":{"start":{"line":104,"column":28},"end":{"line":104,"column":35}},"58":{"start":{"line":105,"column":31},"end":{"line":109,"column":25}},"59":{"start":{"line":106,"column":28},"end":{"line":106,"column":null}},"60":{"start":{"line":108,"column":28},"end":{"line":108,"column":65}},"61":{"start":{"line":114,"column":16},"end":{"line":129,"column":null}},"62":{"start":{"line":116,"column":35},"end":{"line":116,"column":58}},"63":{"start":{"line":117,"column":38},"end":{"line":117,"column":94}},"64":{"start":{"line":118,"column":36},"end":{"line":118,"column":216}},"65":{"start":{"line":119,"column":24},"end":{"line":127,"column":25}},"66":{"start":{"line":120,"column":28},"end":{"line":120,"column":null}},"67":{"start":{"line":121,"column":28},"end":{"line":121,"column":178}},"68":{"start":{"line":122,"column":28},"end":{"line":122,"column":35}},"69":{"start":{"line":123,"column":31},"end":{"line":127,"column":25}},"70":{"start":{"line":124,"column":28},"end":{"line":124,"column":null}},"71":{"start":{"line":126,"column":28},"end":{"line":126,"column":65}},"72":{"start":{"line":132,"column":16},"end":{"line":147,"column":null}},"73":{"start":{"line":134,"column":35},"end":{"line":134,"column":58}},"74":{"start":{"line":135,"column":38},"end":{"line":135,"column":94}},"75":{"start":{"line":136,"column":36},"end":{"line":136,"column":217}},"76":{"start":{"line":137,"column":24},"end":{"line":145,"column":25}},"77":{"start":{"line":138,"column":28},"end":{"line":138,"column":null}},"78":{"start":{"line":139,"column":28},"end":{"line":139,"column":178}},"79":{"start":{"line":140,"column":28},"end":{"line":140,"column":35}},"80":{"start":{"line":141,"column":31},"end":{"line":145,"column":25}},"81":{"start":{"line":142,"column":28},"end":{"line":142,"column":null}},"82":{"start":{"line":144,"column":28},"end":{"line":144,"column":65}},"83":{"start":{"line":149,"column":21},"end":{"line":149,"column":33}},"84":{"start":{"line":154,"column":8},"end":{"line":163,"column":9}},"85":{"start":{"line":155,"column":12},"end":{"line":155,"column":33}},"86":{"start":{"line":157,"column":25},"end":{"line":157,"column":35}},"87":{"start":{"line":158,"column":26},"end":{"line":158,"column":41}},"88":{"start":{"line":159,"column":28},"end":{"line":159,"column":45}},"89":{"start":{"line":160,"column":28},"end":{"line":160,"column":45}},"90":{"start":{"line":161,"column":23},"end":{"line":161,"column":45}},"91":{"start":{"line":162,"column":12},"end":{"line":162,"column":149}},"92":{"start":{"line":167,"column":8},"end":{"line":167,"column":null}}},"fnMap":{"0":{"name":"(anonymous_0)","decl":{"start":{"line":1,"column":0},"end":{"line":1,"column":5}},"loc":{"start":{"line":1,"column":25},"end":{"line":12,"column":1}}},"1":{"name":"(anonymous_1)","decl":{"start":{"line":14,"column":0},"end":{"line":14,"column":5}},"loc":{"start":{"line":14,"column":24},"end":{"line":18,"column":1}}},"2":{"name":"getAnsiSequence","decl":{"start":{"line":20,"column":9},"end":{"line":20,"column":24}},"loc":{"start":{"line":20,"column":24},"end":{"line":22,"column":1}}},"3":{"name":"(anonymous_3)","decl":{"start":{"line":21,"column":11},"end":{"line":21,"column":12}},"loc":{"start":{"line":21,"column":37},"end":{"line":21,"column":51}}},"4":{"name":"getResetSequence","decl":{"start":{"line":24,"column":9},"end":{"line":24,"column":25}},"loc":{"start":{"line":24,"column":25},"end":{"line":26,"column":1}}},"5":{"name":"(anonymous_5)","decl":{"start":{"line":40,"column":0},"end":{"line":40,"column":17}},"loc":{"start":{"line":40,"column":26},"end":{"line":169,"column":1}}},"6":{"name":"factory","decl":{"start":{"line":41,"column":20},"end":{"line":41,"column":27}},"loc":{"start":{"line":41,"column":58},"end":{"line":52,"column":5}}},"7":{"name":"(anonymous_7)","decl":{"start":{"line":43,"column":8},"end":{"line":43,"column":11}},"loc":{"start":{"line":43,"column":38},"end":{"line":50,"column":9}}},"8":{"name":"getProxiedLogFunction","decl":{"start":{"line":54,"column":13},"end":{"line":54,"column":34}},"loc":{"start":{"line":54,"column":149},"end":{"line":151,"column":5}}},"9":{"name":"noop","decl":{"start":{"line":55,"column":17},"end":{"line":55,"column":21}},"loc":{"start":{"line":55,"column":21},"end":{"line":55,"column":26}}},"10":{"name":"(anonymous_10)","decl":{"start":{"line":61,"column":20},"end":{"line":61,"column":25}},"loc":{"start":{"line":61,"column":51},"end":{"line":74,"column":21}}},"11":{"name":"(anonymous_11)","decl":{"start":{"line":79,"column":20},"end":{"line":79,"column":25}},"loc":{"start":{"line":79,"column":51},"end":{"line":92,"column":21}}},"12":{"name":"(anonymous_12)","decl":{"start":{"line":97,"column":20},"end":{"line":97,"column":25}},"loc":{"start":{"line":97,"column":51},"end":{"line":110,"column":21}}},"13":{"name":"(anonymous_13)","decl":{"start":{"line":115,"column":20},"end":{"line":115,"column":25}},"loc":{"start":{"line":115,"column":51},"end":{"line":128,"column":21}}},"14":{"name":"(anonymous_14)","decl":{"start":{"line":133,"column":20},"end":{"line":133,"column":25}},"loc":{"start":{"line":133,"column":51},"end":{"line":146,"column":21}}},"15":{"name":"getTimestamp","decl":{"start":{"line":153,"column":13},"end":{"line":153,"column":25}},"loc":{"start":{"line":153,"column":52},"end":{"line":164,"column":5}}},"16":{"name":"getServiceStamp","decl":{"start":{"line":166,"column":13},"end":{"line":166,"column":28}},"loc":{"start":{"line":166,"column":70},"end":{"line":168,"column":5}}}},"branchMap":{"0":{"loc":{"start":{"line":1,"column":5},"end":{"line":1,"column":null}},"type":"binary-expr","locations":[{"start":{"line":1,"column":5},"end":{"line":1,"column":25}},{"start":{"line":1,"column":5},"end":{"line":1,"column":null}}]},"1":{"loc":{"start":{"line":14,"column":5},"end":{"line":14,"column":null}},"type":"binary-expr","locations":[{"start":{"line":14,"column":5},"end":{"line":14,"column":24}},{"start":{"line":14,"column":5},"end":{"line":14,"column":null}}]},"2":{"loc":{"start":{"line":41,"column":28},"end":{"line":41,"column":58}},"type":"default-arg","locations":[{"start":{"line":41,"column":56},"end":{"line":41,"column":58}}]},"3":{"loc":{"start":{"line":45,"column":12},"end":{"line":47,"column":13}},"type":"if","locations":[{"start":{"line":45,"column":12},"end":{"line":47,"column":13}}]},"4":{"loc":{"start":{"line":45,"column":16},"end":{"line":45,"column":91}},"type":"binary-expr","locations":[{"start":{"line":45,"column":16},"end":{"line":45,"column":44}},{"start":{"line":45,"column":48},"end":{"line":45,"column":91}}]},"5":{"loc":{"start":{"line":56,"column":8},"end":{"line":56,"column":47}},"type":"if","locations":[{"start":{"line":56,"column":8},"end":{"line":56,"column":47}}]},"6":{"loc":{"start":{"line":58,"column":8},"end":{"line":150,"column":9}},"type":"switch","locations":[{"start":{"line":59,"column":12},"end":{"line":76,"column":14}},{"start":{"line":77,"column":12},"end":{"line":94,"column":13}},{"start":{"line":95,"column":12},"end":{"line":112,"column":13}},{"start":{"line":113,"column":12},"end":{"line":130,"column":14}},{"start":{"line":131,"column":12},"end":{"line":148,"column":13}},{"start":{"line":149,"column":12},"end":{"line":149,"column":33}}]},"7":{"loc":{"start":{"line":63,"column":54},"end":{"line":63,"column":73}},"type":"binary-expr","locations":[{"start":{"line":63,"column":54},"end":{"line":63,"column":61}},{"start":{"line":63,"column":65},"end":{"line":63,"column":73}}]},"8":{"loc":{"start":{"line":63,"column":75},"end":{"line":63,"column":93}},"type":"binary-expr","locations":[{"start":{"line":63,"column":75},"end":{"line":63,"column":82}},{"start":{"line":63,"column":86},"end":{"line":63,"column":93}}]},"9":{"loc":{"start":{"line":65,"column":24},"end":{"line":73,"column":25}},"type":"if","locations":[{"start":{"line":65,"column":24},"end":{"line":73,"column":25}},{"start":{"line":69,"column":31},"end":{"line":73,"column":25}}]},"10":{"loc":{"start":{"line":65,"column":28},"end":{"line":65,"column":121}},"type":"binary-expr","locations":[{"start":{"line":65,"column":28},"end":{"line":65,"column":49}},{"start":{"line":65,"column":53},"end":{"line":65,"column":84}},{"start":{"line":65,"column":88},"end":{"line":65,"column":121}}]},"11":{"loc":{"start":{"line":66,"column":45},"end":{"line":66,"column":123}},"type":"binary-expr","locations":[{"start":{"line":66,"column":45},"end":{"line":66,"column":75}},{"start":{"line":66,"column":79},"end":{"line":66,"column":102}},{"start":{"line":66,"column":106},"end":{"line":66,"column":123}}]},"12":{"loc":{"start":{"line":69,"column":31},"end":{"line":73,"column":25}},"type":"if","locations":[{"start":{"line":69,"column":31},"end":{"line":73,"column":25}},{"start":{"line":71,"column":31},"end":{"line":73,"column":25}}]},"13":{"loc":{"start":{"line":69,"column":35},"end":{"line":69,"column":91}},"type":"binary-expr","locations":[{"start":{"line":69,"column":35},"end":{"line":69,"column":56}},{"start":{"line":69,"column":60},"end":{"line":69,"column":91}}]},"14":{"loc":{"start":{"line":81,"column":54},"end":{"line":81,"column":73}},"type":"binary-expr","locations":[{"start":{"line":81,"column":54},"end":{"line":81,"column":61}},{"start":{"line":81,"column":65},"end":{"line":81,"column":73}}]},"15":{"loc":{"start":{"line":81,"column":75},"end":{"line":81,"column":93}},"type":"binary-expr","locations":[{"start":{"line":81,"column":75},"end":{"line":81,"column":82}},{"start":{"line":81,"column":86},"end":{"line":81,"column":93}}]},"16":{"loc":{"start":{"line":83,"column":24},"end":{"line":91,"column":25}},"type":"if","locations":[{"start":{"line":83,"column":24},"end":{"line":91,"column":25}},{"start":{"line":87,"column":31},"end":{"line":91,"column":25}}]},"17":{"loc":{"start":{"line":83,"column":28},"end":{"line":83,"column":121}},"type":"binary-expr","locations":[{"start":{"line":83,"column":28},"end":{"line":83,"column":49}},{"start":{"line":83,"column":53},"end":{"line":83,"column":84}},{"start":{"line":83,"column":88},"end":{"line":83,"column":121}}]},"18":{"loc":{"start":{"line":84,"column":45},"end":{"line":84,"column":123}},"type":"binary-expr","locations":[{"start":{"line":84,"column":45},"end":{"line":84,"column":75}},{"start":{"line":84,"column":79},"end":{"line":84,"column":102}},{"start":{"line":84,"column":106},"end":{"line":84,"column":123}}]},"19":{"loc":{"start":{"line":87,"column":31},"end":{"line":91,"column":25}},"type":"if","locations":[{"start":{"line":87,"column":31},"end":{"line":91,"column":25}},{"start":{"line":89,"column":31},"end":{"line":91,"column":25}}]},"20":{"loc":{"start":{"line":87,"column":35},"end":{"line":87,"column":91}},"type":"binary-expr","locations":[{"start":{"line":87,"column":35},"end":{"line":87,"column":56}},{"start":{"line":87,"column":60},"end":{"line":87,"column":91}}]},"21":{"loc":{"start":{"line":99,"column":54},"end":{"line":99,"column":73}},"type":"binary-expr","locations":[{"start":{"line":99,"column":54},"end":{"line":99,"column":61}},{"start":{"line":99,"column":65},"end":{"line":99,"column":73}}]},"22":{"loc":{"start":{"line":99,"column":75},"end":{"line":99,"column":93}},"type":"binary-expr","locations":[{"start":{"line":99,"column":75},"end":{"line":99,"column":82}},{"start":{"line":99,"column":86},"end":{"line":99,"column":93}}]},"23":{"loc":{"start":{"line":101,"column":24},"end":{"line":109,"column":25}},"type":"if","locations":[{"start":{"line":101,"column":24},"end":{"line":109,"column":25}},{"start":{"line":105,"column":31},"end":{"line":109,"column":25}}]},"24":{"loc":{"start":{"line":101,"column":28},"end":{"line":101,"column":121}},"type":"binary-expr","locations":[{"start":{"line":101,"column":28},"end":{"line":101,"column":49}},{"start":{"line":101,"column":53},"end":{"line":101,"column":84}},{"start":{"line":101,"column":88},"end":{"line":101,"column":121}}]},"25":{"loc":{"start":{"line":102,"column":45},"end":{"line":102,"column":123}},"type":"binary-expr","locations":[{"start":{"line":102,"column":45},"end":{"line":102,"column":75}},{"start":{"line":102,"column":79},"end":{"line":102,"column":102}},{"start":{"line":102,"column":106},"end":{"line":102,"column":123}}]},"26":{"loc":{"start":{"line":105,"column":31},"end":{"line":109,"column":25}},"type":"if","locations":[{"start":{"line":105,"column":31},"end":{"line":109,"column":25}},{"start":{"line":107,"column":31},"end":{"line":109,"column":25}}]},"27":{"loc":{"start":{"line":105,"column":35},"end":{"line":105,"column":91}},"type":"binary-expr","locations":[{"start":{"line":105,"column":35},"end":{"line":105,"column":56}},{"start":{"line":105,"column":60},"end":{"line":105,"column":91}}]},"28":{"loc":{"start":{"line":117,"column":54},"end":{"line":117,"column":73}},"type":"binary-expr","locations":[{"start":{"line":117,"column":54},"end":{"line":117,"column":61}},{"start":{"line":117,"column":65},"end":{"line":117,"column":73}}]},"29":{"loc":{"start":{"line":117,"column":75},"end":{"line":117,"column":93}},"type":"binary-expr","locations":[{"start":{"line":117,"column":75},"end":{"line":117,"column":82}},{"start":{"line":117,"column":86},"end":{"line":117,"column":93}}]},"30":{"loc":{"start":{"line":119,"column":24},"end":{"line":127,"column":25}},"type":"if","locations":[{"start":{"line":119,"column":24},"end":{"line":127,"column":25}},{"start":{"line":123,"column":31},"end":{"line":127,"column":25}}]},"31":{"loc":{"start":{"line":119,"column":28},"end":{"line":119,"column":121}},"type":"binary-expr","locations":[{"start":{"line":119,"column":28},"end":{"line":119,"column":49}},{"start":{"line":119,"column":53},"end":{"line":119,"column":84}},{"start":{"line":119,"column":88},"end":{"line":119,"column":121}}]},"32":{"loc":{"start":{"line":120,"column":45},"end":{"line":120,"column":123}},"type":"binary-expr","locations":[{"start":{"line":120,"column":45},"end":{"line":120,"column":75}},{"start":{"line":120,"column":79},"end":{"line":120,"column":102}},{"start":{"line":120,"column":106},"end":{"line":120,"column":123}}]},"33":{"loc":{"start":{"line":123,"column":31},"end":{"line":127,"column":25}},"type":"if","locations":[{"start":{"line":123,"column":31},"end":{"line":127,"column":25}},{"start":{"line":125,"column":31},"end":{"line":127,"column":25}}]},"34":{"loc":{"start":{"line":123,"column":35},"end":{"line":123,"column":91}},"type":"binary-expr","locations":[{"start":{"line":123,"column":35},"end":{"line":123,"column":56}},{"start":{"line":123,"column":60},"end":{"line":123,"column":91}}]},"35":{"loc":{"start":{"line":135,"column":54},"end":{"line":135,"column":73}},"type":"binary-expr","locations":[{"start":{"line":135,"column":54},"end":{"line":135,"column":61}},{"start":{"line":135,"column":65},"end":{"line":135,"column":73}}]},"36":{"loc":{"start":{"line":135,"column":75},"end":{"line":135,"column":93}},"type":"binary-expr","locations":[{"start":{"line":135,"column":75},"end":{"line":135,"column":82}},{"start":{"line":135,"column":86},"end":{"line":135,"column":93}}]},"37":{"loc":{"start":{"line":137,"column":24},"end":{"line":145,"column":25}},"type":"if","locations":[{"start":{"line":137,"column":24},"end":{"line":145,"column":25}},{"start":{"line":141,"column":31},"end":{"line":145,"column":25}}]},"38":{"loc":{"start":{"line":137,"column":28},"end":{"line":137,"column":121}},"type":"binary-expr","locations":[{"start":{"line":137,"column":28},"end":{"line":137,"column":49}},{"start":{"line":137,"column":53},"end":{"line":137,"column":84}},{"start":{"line":137,"column":88},"end":{"line":137,"column":121}}]},"39":{"loc":{"start":{"line":138,"column":45},"end":{"line":138,"column":123}},"type":"binary-expr","locations":[{"start":{"line":138,"column":45},"end":{"line":138,"column":75}},{"start":{"line":138,"column":79},"end":{"line":138,"column":102}},{"start":{"line":138,"column":106},"end":{"line":138,"column":123}}]},"40":{"loc":{"start":{"line":141,"column":31},"end":{"line":145,"column":25}},"type":"if","locations":[{"start":{"line":141,"column":31},"end":{"line":145,"column":25}},{"start":{"line":143,"column":31},"end":{"line":145,"column":25}}]},"41":{"loc":{"start":{"line":141,"column":35},"end":{"line":141,"column":91}},"type":"binary-expr","locations":[{"start":{"line":141,"column":35},"end":{"line":141,"column":56}},{"start":{"line":141,"column":60},"end":{"line":141,"column":91}}]},"42":{"loc":{"start":{"line":154,"column":8},"end":{"line":163,"column":9}},"type":"if","locations":[{"start":{"line":154,"column":8},"end":{"line":163,"column":9}},{"start":{"line":156,"column":15},"end":{"line":163,"column":9}}]},"43":{"loc":{"start":{"line":162,"column":23},"end":{"line":162,"column":55}},"type":"cond-expr","locations":[{"start":{"line":162,"column":36},"end":{"line":162,"column":47}},{"start":{"line":162,"column":50},"end":{"line":162,"column":55}}]},"44":{"loc":{"start":{"line":162,"column":59},"end":{"line":162,"column":97}},"type":"cond-expr","locations":[{"start":{"line":162,"column":74},"end":{"line":162,"column":87}},{"start":{"line":162,"column":90},"end":{"line":162,"column":97}}]},"45":{"loc":{"start":{"line":162,"column":101},"end":{"line":162,"column":139}},"type":"cond-expr","locations":[{"start":{"line":162,"column":116},"end":{"line":162,"column":129}},{"start":{"line":162,"column":132},"end":{"line":162,"column":139}}]},"46":{"loc":{"start":{"line":40,"column":17},"end":{"line":40,"column":null}},"type":"binary-expr","locations":[{"start":{"line":40,"column":17},"end":{"line":40,"column":26}},{"start":{"line":40,"column":26},"end":{"line":40,"column":null}}]}},"s":{"0":1,"1":1,"2":1,"3":1,"4":1,"5":1,"6":1,"7":1,"8":1,"9":1,"10":1,"11":1,"12":1,"13":1,"14":1,"15":66,"16":66,"17":33,"18":1,"19":1,"20":31,"21":31,"22":31,"23":0,"24":1,"25":31,"26":0,"27":31,"28":31,"29":31,"30":31,"31":31,"32":31,"33":2,"34":2,"35":2,"36":29,"37":29,"38":0,"39":0,"40":0,"41":0,"42":0,"43":0,"44":0,"45":0,"46":0,"47":0,"48":0,"49":0,"50":0,"51":0,"52":0,"53":0,"54":0,"55":0,"56":0,"57":0,"58":0,"59":0,"60":0,"61":0,"62":0,"63":0,"64":0,"65":0,"66":0,"67":0,"68":0,"69":0,"70":0,"71":0,"72":0,"73":0,"74":0,"75":0,"76":0,"77":0,"78":0,"79":0,"80":0,"81":0,"82":0,"83":0,"84":31,"85":0,"86":31,"87":31,"88":31,"89":31,"90":31,"91":31,"92":31},"f":{"0":1,"1":1,"2":66,"3":66,"4":33,"5":1,"6":1,"7":31,"8":31,"9":0,"10":31,"11":0,"12":0,"13":0,"14":0,"15":31,"16":31},"b":{"0":[1,1],"1":[1,1],"2":[0],"3":[31],"4":[31,31],"5":[0],"6":[31,0,0,0,0,0],"7":[31,0],"8":[31,31],"9":[2,29],"10":[31,31,29],"11":[2,0,0],"12":[29,0],"13":[29,29],"14":[0,0],"15":[0,0],"16":[0,0],"17":[0,0,0],"18":[0,0,0],"19":[0,0],"20":[0,0],"21":[0,0],"22":[0,0],"23":[0,0],"24":[0,0,0],"25":[0,0,0],"26":[0,0],"27":[0,0],"28":[0,0],"29":[0,0],"30":[0,0],"31":[0,0,0],"32":[0,0,0],"33":[0,0],"34":[0,0],"35":[0,0],"36":[0,0],"37":[0,0],"38":[0,0,0],"39":[0,0,0],"40":[0,0],"41":[0,0],"42":[0,31],"43":[0,31],"44":[0,31],"45":[0,31],"46":[1,1]}}
,"/home/makyr-linux/arcturus/modules/sleepydogs/src/models/Signal/Graph.ts": {"path":"/home/makyr-linux/arcturus/modules/sleepydogs/src/models/Signal/Graph.ts","statementMap":{"0":{"start":{"line":16,"column":4},"end":{"line":16,"column":35}},"1":{"start":{"line":20,"column":4},"end":{"line":20,"column":47}},"2":{"start":{"line":20,"column":40},"end":{"line":20,"column":47}},"3":{"start":{"line":21,"column":4},"end":{"line":21,"column":39}},"4":{"start":{"line":25,"column":4},"end":{"line":27,"column":7}},"5":{"start":{"line":26,"column":6},"end":{"line":26,"column":66}},"6":{"start":{"line":26,"column":43},"end":{"line":26,"column":66}},"7":{"start":{"line":29,"column":28},"end":{"line":29,"column":49}},"8":{"start":{"line":30,"column":23},"end":{"line":30,"column":53}},"9":{"start":{"line":32,"column":4},"end":{"line":32,"column":75}},"10":{"start":{"line":36,"column":4},"end":{"line":36,"column":48}},"11":{"start":{"line":40,"column":4},"end":{"line":40,"column":35}},"12":{"start":{"line":3,"column":0},"end":{"line":3,"column":21}}},"fnMap":{"0":{"name":"(anonymous_0)","decl":{"start":{"line":15,"column":2},"end":{"line":15,"column":null}},"loc":{"start":{"line":15,"column":2},"end":{"line":17,"column":3}}},"1":{"name":"(anonymous_1)","decl":{"start":{"line":19,"column":2},"end":{"line":19,"column":11}},"loc":{"start":{"line":19,"column":21},"end":{"line":22,"column":3}}},"2":{"name":"(anonymous_2)","decl":{"start":{"line":24,"column":2},"end":{"line":24,"column":9}},"loc":{"start":{"line":24,"column":39},"end":{"line":33,"column":3}}},"3":{"name":"(anonymous_3)","decl":{"start":{"line":25,"column":40},"end":{"line":25,"column":41}},"loc":{"start":{"line":25,"column":51},"end":{"line":27,"column":5}}},"4":{"name":"(anonymous_4)","decl":{"start":{"line":35,"column":2},"end":{"line":35,"column":10}},"loc":{"start":{"line":35,"column":20},"end":{"line":37,"column":3}}},"5":{"name":"(anonymous_5)","decl":{"start":{"line":39,"column":2},"end":{"line":39,"column":6}},"loc":{"start":{"line":39,"column":10},"end":{"line":41,"column":3}}}},"branchMap":{"0":{"loc":{"start":{"line":20,"column":4},"end":{"line":20,"column":47}},"type":"if","locations":[{"start":{"line":20,"column":4},"end":{"line":20,"column":47}}]},"1":{"loc":{"start":{"line":26,"column":6},"end":{"line":26,"column":66}},"type":"if","locations":[{"start":{"line":26,"column":6},"end":{"line":26,"column":66}}]},"2":{"loc":{"start":{"line":36,"column":11},"end":{"line":36,"column":47}},"type":"binary-expr","locations":[{"start":{"line":36,"column":11},"end":{"line":36,"column":41}},{"start":{"line":36,"column":45},"end":{"line":36,"column":47}}]}},"s":{"0":2,"1":4,"2":0,"3":4,"4":1,"5":2,"6":0,"7":1,"8":1,"9":1,"10":5,"11":4,"12":2},"f":{"0":2,"1":4,"2":1,"3":2,"4":5,"5":4},"b":{"0":[0],"1":[0],"2":[5,0]}}
,"/home/makyr-linux/arcturus/modules/sleepydogs/src/models/Signal/Signal.ts": {"path":"/home/makyr-linux/arcturus/modules/sleepydogs/src/models/Signal/Signal.ts","statementMap":{"0":{"start":{"line":1,"column":0},"end":{"line":1,"column":48}},"1":{"start":{"line":4,"column":0},"end":{"line":4,"column":31}},"2":{"start":{"line":6,"column":13},"end":{"line":6,"column":60}},"3":{"start":{"line":8,"column":0},"end":{"line":8,"column":null}},"4":{"start":{"line":12,"column":13},"end":{"line":12,"column":14}},"5":{"start":{"line":14,"column":6},"end":{"line":14,"column":23}},"6":{"start":{"line":15,"column":18},"end":{"line":15,"column":70}},"7":{"start":{"line":16,"column":6},"end":{"line":16,"column":17}},"8":{"start":{"line":25,"column":6},"end":{"line":25,"column":31}},"9":{"start":{"line":26,"column":6},"end":{"line":26,"column":30}},"10":{"start":{"line":30,"column":22},"end":{"line":30,"column":28}},"11":{"start":{"line":31,"column":6},"end":{"line":31,"column":49}},"12":{"start":{"line":32,"column":6},"end":{"line":32,"column":32}},"13":{"start":{"line":33,"column":6},"end":{"line":33,"column":35}},"14":{"start":{"line":34,"column":6},"end":{"line":34,"column":49}},"15":{"start":{"line":40,"column":22},"end":{"line":40,"column":28}},"16":{"start":{"line":41,"column":20},"end":{"line":41,"column":44}},"17":{"start":{"line":42,"column":27},"end":{"line":54,"column":58}},"18":{"start":{"line":43,"column":32},"end":{"line":43,"column":58}},"19":{"start":{"line":46,"column":10},"end":{"line":48,"column":11}},"20":{"start":{"line":47,"column":12},"end":{"line":47,"column":25}},"21":{"start":{"line":50,"column":10},"end":{"line":53,"column":12}},"22":{"start":{"line":57,"column":6},"end":{"line":57,"column":26}},"23":{"start":{"line":62,"column":51},"end":{"line":62,"column":53}},"24":{"start":{"line":65,"column":22},"end":{"line":67,"column":14}},"25":{"start":{"line":68,"column":6},"end":{"line":68,"column":21}},"26":{"start":{"line":72,"column":6},"end":{"line":72,"column":44}},"27":{"start":{"line":76,"column":6},"end":{"line":76,"column":56}},"28":{"start":{"line":76,"column":49},"end":{"line":76,"column":56}},"29":{"start":{"line":77,"column":23},"end":{"line":77,"column":54}},"30":{"start":{"line":78,"column":6},"end":{"line":78,"column":71}},"31":{"start":{"line":79,"column":6},"end":{"line":79,"column":22}},"32":{"start":{"line":86,"column":35},"end":{"line":86,"column":37}},"33":{"start":{"line":87,"column":36},"end":{"line":87,"column":63}},"34":{"start":{"line":89,"column":22},"end":{"line":90,"column":23}},"35":{"start":{"line":90,"column":6},"end":{"line":90,"column":23}},"36":{"start":{"line":93,"column":14},"end":{"line":93,"column":22}},"37":{"start":{"line":94,"column":14},"end":{"line":94,"column":48}},"38":{"start":{"line":96,"column":6},"end":{"line":96,"column":75}},"39":{"start":{"line":97,"column":6},"end":{"line":99,"column":7}},"40":{"start":{"line":98,"column":8},"end":{"line":98,"column":38}},"41":{"start":{"line":100,"column":33},"end":{"line":100,"column":66}},"42":{"start":{"line":101,"column":6},"end":{"line":101,"column":46}},"43":{"start":{"line":106,"column":21},"end":{"line":106,"column":68}},"44":{"start":{"line":107,"column":22},"end":{"line":107,"column":51}},"45":{"start":{"line":109,"column":6},"end":{"line":116,"column":7}},"46":{"start":{"line":110,"column":8},"end":{"line":110,"column":60}},"47":{"start":{"line":111,"column":36},"end":{"line":111,"column":59}},"48":{"start":{"line":112,"column":8},"end":{"line":115,"column":9}},"49":{"start":{"line":113,"column":31},"end":{"line":113,"column":64}},"50":{"start":{"line":114,"column":10},"end":{"line":114,"column":85}},"51":{"start":{"line":118,"column":6},"end":{"line":118,"column":49}},"52":{"start":{"line":119,"column":6},"end":{"line":119,"column":24}},"53":{"start":{"line":123,"column":6},"end":{"line":123,"column":37}},"54":{"start":{"line":124,"column":6},"end":{"line":124,"column":60}},"55":{"start":{"line":125,"column":6},"end":{"line":125,"column":44}},"56":{"start":{"line":127,"column":6},"end":{"line":127,"column":44}},"57":{"start":{"line":128,"column":6},"end":{"line":128,"column":25}},"58":{"start":{"line":132,"column":6},"end":{"line":132,"column":40}},"59":{"start":{"line":136,"column":19},"end":{"line":136,"column":46}},"60":{"start":{"line":137,"column":6},"end":{"line":137,"column":49}},"61":{"start":{"line":137,"column":36},"end":{"line":137,"column":49}},"62":{"start":{"line":138,"column":6},"end":{"line":138,"column":48}},"63":{"start":{"line":142,"column":6},"end":{"line":142,"column":56}},"64":{"start":{"line":146,"column":38},"end":{"line":146,"column":76}},"65":{"start":{"line":147,"column":6},"end":{"line":147,"column":64}},"66":{"start":{"line":151,"column":6},"end":{"line":151,"column":75}},"67":{"start":{"line":83,"column":15},"end":{"line":153,"column":null}},"68":{"start":{"line":157,"column":35},"end":{"line":157,"column":37}},"69":{"start":{"line":158,"column":36},"end":{"line":158,"column":63}},"70":{"start":{"line":159,"column":22},"end":{"line":161,"column":5}},"71":{"start":{"line":160,"column":6},"end":{"line":160,"column":31}},"72":{"start":{"line":162,"column":30},"end":{"line":162,"column":34}},"73":{"start":{"line":165,"column":13},"end":{"line":165,"column":41}},"74":{"start":{"line":168,"column":6},"end":{"line":168,"column":75}},"75":{"start":{"line":169,"column":6},"end":{"line":171,"column":7}},"76":{"start":{"line":170,"column":8},"end":{"line":170,"column":38}},"77":{"start":{"line":172,"column":6},"end":{"line":172,"column":62}},"78":{"start":{"line":173,"column":33},"end":{"line":173,"column":66}},"79":{"start":{"line":174,"column":6},"end":{"line":174,"column":46}},"80":{"start":{"line":179,"column":6},"end":{"line":179,"column":71}},"81":{"start":{"line":184,"column":21},"end":{"line":184,"column":68}},"82":{"start":{"line":185,"column":22},"end":{"line":185,"column":51}},"83":{"start":{"line":190,"column":6},"end":{"line":190,"column":44}},"84":{"start":{"line":199,"column":6},"end":{"line":229,"column":7}},"85":{"start":{"line":200,"column":24},"end":{"line":200,"column":33}},"86":{"start":{"line":201,"column":8},"end":{"line":201,"column":29}},"87":{"start":{"line":209,"column":10},"end":{"line":209,"column":71}},"88":{"start":{"line":210,"column":8},"end":{"line":210,"column":78}},"89":{"start":{"line":211,"column":8},"end":{"line":211,"column":35}},"90":{"start":{"line":214,"column":10},"end":{"line":219,"column":39}},"91":{"start":{"line":216,"column":33},"end":{"line":216,"column":79}},"92":{"start":{"line":217,"column":14},"end":{"line":217,"column":32}},"93":{"start":{"line":221,"column":8},"end":{"line":228,"column":9}},"94":{"start":{"line":222,"column":10},"end":{"line":222,"column":104}},"95":{"start":{"line":223,"column":10},"end":{"line":223,"column":48}},"96":{"start":{"line":224,"column":10},"end":{"line":224,"column":33}},"97":{"start":{"line":226,"column":10},"end":{"line":226,"column":null}},"98":{"start":{"line":227,"column":10},"end":{"line":227,"column":45}},"99":{"start":{"line":231,"column":6},"end":{"line":238,"column":7}},"100":{"start":{"line":232,"column":8},"end":{"line":232,"column":60}},"101":{"start":{"line":233,"column":36},"end":{"line":233,"column":59}},"102":{"start":{"line":234,"column":8},"end":{"line":237,"column":9}},"103":{"start":{"line":235,"column":31},"end":{"line":235,"column":64}},"104":{"start":{"line":236,"column":10},"end":{"line":236,"column":85}},"105":{"start":{"line":243,"column":6},"end":{"line":243,"column":40}},"106":{"start":{"line":248,"column":6},"end":{"line":248,"column":24}},"107":{"start":{"line":252,"column":38},"end":{"line":252,"column":76}},"108":{"start":{"line":253,"column":6},"end":{"line":253,"column":77}},"109":{"start":{"line":257,"column":6},"end":{"line":257,"column":40}},"110":{"start":{"line":261,"column":19},"end":{"line":261,"column":46}},"111":{"start":{"line":262,"column":6},"end":{"line":262,"column":60}},"112":{"start":{"line":262,"column":48},"end":{"line":262,"column":60}},"113":{"start":{"line":263,"column":6},"end":{"line":263,"column":38}},"114":{"start":{"line":263,"column":25},"end":{"line":263,"column":38}},"115":{"start":{"line":264,"column":6},"end":{"line":264,"column":44}},"116":{"start":{"line":264,"column":31},"end":{"line":264,"column":44}},"117":{"start":{"line":265,"column":6},"end":{"line":265,"column":48}},"118":{"start":{"line":269,"column":6},"end":{"line":269,"column":75}},"119":{"start":{"line":155,"column":15},"end":{"line":271,"column":null}},"120":{"start":{"line":276,"column":6},"end":{"line":279,"column":7}},"121":{"start":{"line":277,"column":8},"end":{"line":278,"column":42}},"122":{"start":{"line":280,"column":6},"end":{"line":280,"column":73}},"123":{"start":{"line":287,"column":6},"end":{"line":290,"column":7}},"124":{"start":{"line":288,"column":8},"end":{"line":289,"column":39}},"125":{"start":{"line":291,"column":6},"end":{"line":291,"column":71}},"126":{"start":{"line":298,"column":6},"end":{"line":300,"column":7}},"127":{"start":{"line":299,"column":8},"end":{"line":299,"column":68}},"128":{"start":{"line":302,"column":6},"end":{"line":302,"column":46}}},"fnMap":{"0":{"name":"(anonymous_1)","decl":{"start":{"line":8,"column":0},"end":{"line":8,"column":17}},"loc":{"start":{"line":8,"column":23},"end":{"line":305,"column":1}}},"1":{"name":"(anonymous_2)","decl":{"start":{"line":13,"column":4},"end":{"line":13,"column":12}},"loc":{"start":{"line":13,"column":12},"end":{"line":17,"column":5}}},"2":{"name":"(anonymous_3)","decl":{"start":{"line":24,"column":4},"end":{"line":24,"column":null}},"loc":{"start":{"line":24,"column":4},"end":{"line":27,"column":5}}},"3":{"name":"(anonymous_4)","decl":{"start":{"line":29,"column":4},"end":{"line":29,"column":18}},"loc":{"start":{"line":29,"column":66},"end":{"line":35,"column":5}}},"4":{"name":"(anonymous_5)","decl":{"start":{"line":37,"column":4},"end":{"line":37,"column":25}},"loc":{"start":{"line":38,"column":50},"end":{"line":58,"column":5}}},"5":{"name":"(anonymous_6)","decl":{"start":{"line":43,"column":13},"end":{"line":43,"column":14}},"loc":{"start":{"line":43,"column":32},"end":{"line":43,"column":58}}},"6":{"name":"(anonymous_7)","decl":{"start":{"line":44,"column":16},"end":{"line":44,"column":17}},"loc":{"start":{"line":44,"column":30},"end":{"line":54,"column":9}}},"7":{"name":"(anonymous_8)","decl":{"start":{"line":64,"column":4},"end":{"line":64,"column":24}},"loc":{"start":{"line":64,"column":24},"end":{"line":69,"column":5}}},"8":{"name":"(anonymous_9)","decl":{"start":{"line":71,"column":4},"end":{"line":71,"column":28}},"loc":{"start":{"line":71,"column":50},"end":{"line":73,"column":5}}},"9":{"name":"(anonymous_10)","decl":{"start":{"line":75,"column":4},"end":{"line":75,"column":28}},"loc":{"start":{"line":75,"column":28},"end":{"line":80,"column":5}}},"10":{"name":"(anonymous_11)","decl":{"start":{"line":89,"column":22},"end":{"line":89,"column":23}},"loc":{"start":{"line":90,"column":6},"end":{"line":90,"column":23}}},"11":{"name":"(anonymous_12)","decl":{"start":{"line":92,"column":4},"end":{"line":92,"column":null}},"loc":{"start":{"line":94,"column":48},"end":{"line":102,"column":5}}},"12":{"name":"(anonymous_13)","decl":{"start":{"line":104,"column":4},"end":{"line":104,"column":7}},"loc":{"start":{"line":104,"column":7},"end":{"line":120,"column":5}}},"13":{"name":"(anonymous_14)","decl":{"start":{"line":122,"column":4},"end":{"line":122,"column":7}},"loc":{"start":{"line":122,"column":16},"end":{"line":129,"column":5}}},"14":{"name":"(anonymous_15)","decl":{"start":{"line":131,"column":4},"end":{"line":131,"column":10}},"loc":{"start":{"line":131,"column":23},"end":{"line":133,"column":5}}},"15":{"name":"(anonymous_16)","decl":{"start":{"line":135,"column":4},"end":{"line":135,"column":14}},"loc":{"start":{"line":135,"column":14},"end":{"line":139,"column":5}}},"16":{"name":"(anonymous_17)","decl":{"start":{"line":141,"column":4},"end":{"line":141,"column":10}},"loc":{"start":{"line":141,"column":10},"end":{"line":143,"column":5}}},"17":{"name":"(anonymous_18)","decl":{"start":{"line":145,"column":4},"end":{"line":145,"column":40}},"loc":{"start":{"line":145,"column":62},"end":{"line":148,"column":5}}},"18":{"name":"(anonymous_19)","decl":{"start":{"line":150,"column":4},"end":{"line":150,"column":17}},"loc":{"start":{"line":150,"column":17},"end":{"line":152,"column":5}}},"19":{"name":"(anonymous_20)","decl":{"start":{"line":159,"column":22},"end":{"line":159,"column":23}},"loc":{"start":{"line":159,"column":61},"end":{"line":161,"column":5}}},"20":{"name":"(anonymous_21)","decl":{"start":{"line":164,"column":4},"end":{"line":164,"column":null}},"loc":{"start":{"line":166,"column":40},"end":{"line":175,"column":5}}},"21":{"name":"(anonymous_22)","decl":{"start":{"line":177,"column":4},"end":{"line":177,"column":7}},"loc":{"start":{"line":177,"column":7},"end":{"line":249,"column":5}}},"22":{"name":"(anonymous_23)","decl":{"start":{"line":215,"column":17},"end":{"line":215,"column":18}},"loc":{"start":{"line":215,"column":25},"end":{"line":218,"column":13}}},"23":{"name":"(anonymous_24)","decl":{"start":{"line":251,"column":4},"end":{"line":251,"column":40}},"loc":{"start":{"line":251,"column":62},"end":{"line":254,"column":5}}},"24":{"name":"(anonymous_25)","decl":{"start":{"line":256,"column":4},"end":{"line":256,"column":10}},"loc":{"start":{"line":256,"column":23},"end":{"line":258,"column":5}}},"25":{"name":"(anonymous_26)","decl":{"start":{"line":260,"column":4},"end":{"line":260,"column":14}},"loc":{"start":{"line":260,"column":14},"end":{"line":266,"column":5}}},"26":{"name":"(anonymous_27)","decl":{"start":{"line":268,"column":4},"end":{"line":268,"column":17}},"loc":{"start":{"line":268,"column":17},"end":{"line":270,"column":5}}},"27":{"name":"(anonymous_28)","decl":{"start":{"line":275,"column":4},"end":{"line":275,"column":10}},"loc":{"start":{"line":275,"column":22},"end":{"line":281,"column":5}}},"28":{"name":"(anonymous_29)","decl":{"start":{"line":286,"column":4},"end":{"line":286,"column":10}},"loc":{"start":{"line":286,"column":22},"end":{"line":292,"column":5}}},"29":{"name":"(anonymous_30)","decl":{"start":{"line":297,"column":4},"end":{"line":297,"column":10}},"loc":{"start":{"line":297,"column":22},"end":{"line":303,"column":5}}}},"branchMap":{"0":{"loc":{"start":{"line":46,"column":10},"end":{"line":48,"column":11}},"type":"if","locations":[{"start":{"line":46,"column":10},"end":{"line":48,"column":11}}]},"1":{"loc":{"start":{"line":51,"column":12},"end":{"line":52,"column":48}},"type":"binary-expr","locations":[{"start":{"line":51,"column":12},"end":{"line":51,"column":45}},{"start":{"line":52,"column":12},"end":{"line":52,"column":48}}]},"2":{"loc":{"start":{"line":65,"column":22},"end":{"line":67,"column":14}},"type":"cond-expr","locations":[{"start":{"line":66,"column":10},"end":{"line":66,"column":42}},{"start":{"line":67,"column":10},"end":{"line":67,"column":14}}]},"3":{"loc":{"start":{"line":76,"column":6},"end":{"line":76,"column":56}},"type":"if","locations":[{"start":{"line":76,"column":6},"end":{"line":76,"column":56}}]},"4":{"loc":{"start":{"line":97,"column":6},"end":{"line":99,"column":7}},"type":"if","locations":[{"start":{"line":97,"column":6},"end":{"line":99,"column":7}}]},"5":{"loc":{"start":{"line":109,"column":6},"end":{"line":116,"column":7}},"type":"if","locations":[{"start":{"line":109,"column":6},"end":{"line":116,"column":7}}]},"6":{"loc":{"start":{"line":112,"column":8},"end":{"line":115,"column":9}},"type":"if","locations":[{"start":{"line":112,"column":8},"end":{"line":115,"column":9}}]},"7":{"loc":{"start":{"line":137,"column":6},"end":{"line":137,"column":49}},"type":"if","locations":[{"start":{"line":137,"column":6},"end":{"line":137,"column":49}}]},"8":{"loc":{"start":{"line":169,"column":6},"end":{"line":171,"column":7}},"type":"if","locations":[{"start":{"line":169,"column":6},"end":{"line":171,"column":7}}]},"9":{"loc":{"start":{"line":199,"column":6},"end":{"line":229,"column":7}},"type":"if","locations":[{"start":{"line":199,"column":6},"end":{"line":229,"column":7}},{"start":{"line":202,"column":13},"end":{"line":229,"column":7}}]},"10":{"loc":{"start":{"line":221,"column":8},"end":{"line":228,"column":9}},"type":"if","locations":[{"start":{"line":221,"column":8},"end":{"line":228,"column":9}},{"start":{"line":225,"column":15},"end":{"line":228,"column":9}}]},"11":{"loc":{"start":{"line":231,"column":6},"end":{"line":238,"column":7}},"type":"if","locations":[{"start":{"line":231,"column":6},"end":{"line":238,"column":7}}]},"12":{"loc":{"start":{"line":234,"column":8},"end":{"line":237,"column":9}},"type":"if","locations":[{"start":{"line":234,"column":8},"end":{"line":237,"column":9}}]},"13":{"loc":{"start":{"line":262,"column":6},"end":{"line":262,"column":60}},"type":"if","locations":[{"start":{"line":262,"column":6},"end":{"line":262,"column":60}}]},"14":{"loc":{"start":{"line":262,"column":10},"end":{"line":262,"column":46}},"type":"binary-expr","locations":[{"start":{"line":262,"column":10},"end":{"line":262,"column":29}},{"start":{"line":262,"column":33},"end":{"line":262,"column":46}}]},"15":{"loc":{"start":{"line":263,"column":6},"end":{"line":263,"column":38}},"type":"if","locations":[{"start":{"line":263,"column":6},"end":{"line":263,"column":38}}]},"16":{"loc":{"start":{"line":264,"column":6},"end":{"line":264,"column":44}},"type":"if","locations":[{"start":{"line":264,"column":6},"end":{"line":264,"column":44}}]},"17":{"loc":{"start":{"line":276,"column":6},"end":{"line":279,"column":7}},"type":"if","locations":[{"start":{"line":276,"column":6},"end":{"line":279,"column":7}}]},"18":{"loc":{"start":{"line":287,"column":6},"end":{"line":290,"column":7}},"type":"if","locations":[{"start":{"line":287,"column":6},"end":{"line":290,"column":7}}]},"19":{"loc":{"start":{"line":298,"column":6},"end":{"line":300,"column":7}},"type":"if","locations":[{"start":{"line":298,"column":6},"end":{"line":300,"column":7}}]},"20":{"loc":{"start":{"line":8,"column":17},"end":{"line":8,"column":null}},"type":"binary-expr","locations":[{"start":{"line":8,"column":17},"end":{"line":8,"column":23}},{"start":{"line":8,"column":23},"end":{"line":8,"column":null}}]}},"s":{"0":1,"1":1,"2":1,"3":1,"4":1,"5":3,"6":3,"7":3,"8":1,"9":1,"10":3,"11":3,"12":3,"13":3,"14":3,"15":4,"16":4,"17":4,"18":3,"19":3,"20":0,"21":3,"22":4,"23":1,"24":11,"25":11,"26":3,"27":3,"28":0,"29":3,"30":3,"31":3,"32":2,"33":2,"34":2,"35":2,"36":2,"37":2,"38":2,"39":2,"40":0,"41":2,"42":2,"43":8,"44":8,"45":8,"46":2,"47":2,"48":2,"49":1,"50":1,"51":8,"52":8,"53":2,"54":2,"55":2,"56":2,"57":2,"58":2,"59":0,"60":0,"61":0,"62":0,"63":0,"64":2,"65":2,"66":0,"67":1,"68":1,"69":1,"70":1,"71":0,"72":1,"73":1,"74":1,"75":1,"76":0,"77":1,"78":1,"79":1,"80":3,"81":3,"82":3,"83":3,"84":3,"85":1,"86":1,"87":2,"88":2,"89":2,"90":2,"91":2,"92":2,"93":2,"94":1,"95":1,"96":1,"97":1,"98":1,"99":3,"100":0,"101":0,"102":0,"103":0,"104":0,"105":3,"106":3,"107":0,"108":0,"109":0,"110":0,"111":0,"112":0,"113":0,"114":0,"115":0,"116":0,"117":0,"118":2,"119":1,"120":11,"121":1,"122":11,"123":3,"124":1,"125":3,"126":8,"127":1,"128":8},"f":{"0":1,"1":3,"2":1,"3":3,"4":4,"5":3,"6":3,"7":11,"8":3,"9":3,"10":2,"11":2,"12":8,"13":2,"14":2,"15":0,"16":0,"17":2,"18":0,"19":0,"20":1,"21":3,"22":2,"23":0,"24":0,"25":0,"26":2,"27":11,"28":3,"29":8},"b":{"0":[0],"1":[3,0],"2":[2,9],"3":[0],"4":[0],"5":[2],"6":[1],"7":[0],"8":[0],"9":[1,2],"10":[1,1],"11":[0],"12":[0],"13":[0],"14":[0,0],"15":[0],"16":[0],"17":[1],"18":[1],"19":[1],"20":[1,1]}}
,"/home/makyr-linux/arcturus/modules/sleepydogs/src/types/Attempt.ts": {"path":"/home/makyr-linux/arcturus/modules/sleepydogs/src/types/Attempt.ts","statementMap":{"0":{"start":{"line":3,"column":0},"end":{"line":3,"column":null}},"1":{"start":{"line":4,"column":2},"end":{"line":4,"column":null}},"2":{"start":{"line":5,"column":2},"end":{"line":5,"column":null}},"3":{"start":{"line":6,"column":2},"end":{"line":6,"column":null}},"4":{"start":{"line":7,"column":2},"end":{"line":7,"column":null}},"5":{"start":{"line":8,"column":2},"end":{"line":8,"column":null}}},"fnMap":{"0":{"name":"(anonymous_0)","decl":{"start":{"line":3,"column":0},"end":{"line":3,"column":12}},"loc":{"start":{"line":3,"column":24},"end":{"line":9,"column":1}}}},"branchMap":{"0":{"loc":{"start":{"line":3,"column":12},"end":{"line":3,"column":null}},"type":"binary-expr","locations":[{"start":{"line":3,"column":12},"end":{"line":3,"column":24}},{"start":{"line":3,"column":24},"end":{"line":3,"column":null}}]}},"s":{"0":1,"1":1,"2":1,"3":1,"4":1,"5":1},"f":{"0":1},"b":{"0":[1,1]}}
,"/home/makyr-linux/arcturus/modules/sleepydogs/src/types/Invoke.ts": {"path":"/home/makyr-linux/arcturus/modules/sleepydogs/src/types/Invoke.ts","statementMap":{"0":{"start":{"line":1,"column":0},"end":{"line":1,"column":null}},"1":{"start":{"line":2,"column":2},"end":{"line":2,"column":null}},"2":{"start":{"line":3,"column":2},"end":{"line":3,"column":null}},"3":{"start":{"line":4,"column":2},"end":{"line":4,"column":null}}},"fnMap":{"0":{"name":"(anonymous_0)","decl":{"start":{"line":1,"column":0},"end":{"line":1,"column":12}},"loc":{"start":{"line":1,"column":27},"end":{"line":5,"column":1}}}},"branchMap":{"0":{"loc":{"start":{"line":1,"column":12},"end":{"line":1,"column":null}},"type":"binary-expr","locations":[{"start":{"line":1,"column":12},"end":{"line":1,"column":27}},{"start":{"line":1,"column":27},"end":{"line":1,"column":null}}]}},"s":{"0":3,"1":3,"2":3,"3":3},"f":{"0":3},"b":{"0":[3,3]}}
}
