{"/home/makyr-linux/arcturus/modules/sleepydogs/src/functions/safewrap/index.ts": {"path":"/home/makyr-linux/arcturus/modules/sleepydogs/src/functions/safewrap/index.ts","statementMap":{"0":{"start":{"line":2,"column":0},"end":{"line":2,"column":59}},"1":{"start":{"line":3,"column":0},"end":{"line":3,"column":80}},"2":{"start":{"line":5,"column":0},"end":{"line":5,"column":null}},"3":{"start":{"line":6,"column":2},"end":{"line":6,"column":null}},"4":{"start":{"line":7,"column":2},"end":{"line":7,"column":null}},"5":{"start":{"line":8,"column":2},"end":{"line":8,"column":null}},"6":{"start":{"line":27,"column":2},"end":{"line":47,"column":3}},"7":{"start":{"line":28,"column":4},"end":{"line":46,"column":6}},"8":{"start":{"line":29,"column":21},"end":{"line":30,"column":null}},"9":{"start":{"line":30,"column":21},"end":{"line":30,"column":44}},"10":{"start":{"line":32,"column":33},"end":{"line":32,"column":39}},"11":{"start":{"line":33,"column":6},"end":{"line":39,"column":7}},"12":{"start":{"line":34,"column":8},"end":{"line":38,"column":10}},"13":{"start":{"line":40,"column":24},"end":{"line":40,"column":56}},"14":{"start":{"line":41,"column":6},"end":{"line":45,"column":8}},"15":{"start":{"line":49,"column":2},"end":{"line":66,"column":4}},"16":{"start":{"line":50,"column":19},"end":{"line":51,"column":40}},"17":{"start":{"line":51,"column":6},"end":{"line":51,"column":23}},"18":{"start":{"line":52,"column":36},"end":{"line":52,"column":42}},"19":{"start":{"line":53,"column":4},"end":{"line":59,"column":5}},"20":{"start":{"line":54,"column":6},"end":{"line":58,"column":8}},"21":{"start":{"line":61,"column":4},"end":{"line":65,"column":6}},"22":{"start":{"line":23,"column":0},"end":{"line":23,"column":16}},"23":{"start":{"line":69,"column":0},"end":{"line":69,"column":24}}},"fnMap":{"0":{"name":"(anonymous_1)","decl":{"start":{"line":5,"column":0},"end":{"line":5,"column":12}},"loc":{"start":{"line":5,"column":29},"end":{"line":9,"column":1}}},"1":{"name":"safewrap","decl":{"start":{"line":23,"column":16},"end":{"line":23,"column":24}},"loc":{"start":{"line":25,"column":15},"end":{"line":67,"column":1}}},"2":{"name":"(anonymous_3)","decl":{"start":{"line":28,"column":11},"end":{"line":28,"column":16}},"loc":{"start":{"line":28,"column":41},"end":{"line":46,"column":5}}},"3":{"name":"(anonymous_4)","decl":{"start":{"line":30,"column":9},"end":{"line":30,"column":14}},"loc":{"start":{"line":30,"column":21},"end":{"line":30,"column":44}}},"4":{"name":"(anonymous_5)","decl":{"start":{"line":49,"column":9},"end":{"line":49,"column":19}},"loc":{"start":{"line":49,"column":33},"end":{"line":66,"column":3}}},"5":{"name":"(anonymous_6)","decl":{"start":{"line":50,"column":43},"end":{"line":50,"column":46}},"loc":{"start":{"line":51,"column":6},"end":{"line":51,"column":23}}}},"branchMap":{"0":{"loc":{"start":{"line":5,"column":12},"end":{"line":5,"column":null}},"type":"binary-expr","locations":[{"start":{"line":5,"column":12},"end":{"line":5,"column":29}},{"start":{"line":5,"column":29},"end":{"line":5,"column":null}}]},"1":{"loc":{"start":{"line":25,"column":2},"end":{"line":25,"column":15}},"type":"default-arg","locations":[{"start":{"line":25,"column":10},"end":{"line":25,"column":15}}]},"2":{"loc":{"start":{"line":27,"column":2},"end":{"line":47,"column":3}},"type":"if","locations":[{"start":{"line":27,"column":2},"end":{"line":47,"column":3}}]},"3":{"loc":{"start":{"line":33,"column":6},"end":{"line":39,"column":7}},"type":"if","locations":[{"start":{"line":33,"column":6},"end":{"line":39,"column":7}}]},"4":{"loc":{"start":{"line":53,"column":4},"end":{"line":59,"column":5}},"type":"if","locations":[{"start":{"line":53,"column":4},"end":{"line":59,"column":5}}]}},"s":{"0":1,"1":1,"2":1,"3":1,"4":1,"5":1,"6":1,"7":0,"8":0,"9":0,"10":0,"11":0,"12":0,"13":0,"14":0,"15":1,"16":1,"17":1,"18":1,"19":1,"20":0,"21":1,"22":1,"23":1},"f":{"0":1,"1":1,"2":0,"3":0,"4":1,"5":1},"b":{"0":[1,1],"1":[1],"2":[0],"3":[0],"4":[0]}}
,"/home/makyr-linux/arcturus/modules/sleepydogs/src/models/Attempt/Attempt.ts": {"path":"/home/makyr-linux/arcturus/modules/sleepydogs/src/models/Attempt/Attempt.ts","statementMap":{"0":{"start":{"line":1,"column":0},"end":{"line":1,"column":19}},"1":{"start":{"line":100,"column":18},"end":{"line":1,"column":64}},"2":{"start":{"line":4,"column":0},"end":{"line":4,"column":49}},"3":{"start":{"line":5,"column":0},"end":{"line":5,"column":80}},"4":{"start":{"line":8,"column":10},"end":{"line":8,"column":11}},"5":{"start":{"line":9,"column":11},"end":{"line":9,"column":28}},"6":{"start":{"line":22,"column":4},"end":{"line":22,"column":29}},"7":{"start":{"line":23,"column":4},"end":{"line":23,"column":27}},"8":{"start":{"line":24,"column":4},"end":{"line":24,"column":31}},"9":{"start":{"line":25,"column":4},"end":{"line":25,"column":27}},"10":{"start":{"line":27,"column":4},"end":{"line":29,"column":5}},"11":{"start":{"line":28,"column":6},"end":{"line":28,"column":21}},"12":{"start":{"line":33,"column":4},"end":{"line":33,"column":43}},"13":{"start":{"line":35,"column":4},"end":{"line":38,"column":5}},"14":{"start":{"line":36,"column":6},"end":{"line":36,"column":40}},"15":{"start":{"line":37,"column":6},"end":{"line":37,"column":13}},"16":{"start":{"line":40,"column":30},"end":{"line":40,"column":67}},"17":{"start":{"line":42,"column":4},"end":{"line":57,"column":5}},"18":{"start":{"line":43,"column":6},"end":{"line":43,"column":40}},"19":{"start":{"line":45,"column":6},"end":{"line":50,"column":7}},"20":{"start":{"line":46,"column":8},"end":{"line":46,"column":44}},"21":{"start":{"line":47,"column":8},"end":{"line":47,"column":24}},"22":{"start":{"line":48,"column":8},"end":{"line":48,"column":23}},"23":{"start":{"line":49,"column":8},"end":{"line":49,"column":15}},"24":{"start":{"line":52,"column":6},"end":{"line":54,"column":7}},"25":{"start":{"line":53,"column":8},"end":{"line":53,"column":28}},"26":{"start":{"line":56,"column":6},"end":{"line":56,"column":13}},"27":{"start":{"line":59,"column":4},"end":{"line":59,"column":41}},"28":{"start":{"line":63,"column":4},"end":{"line":63,"column":43}},"29":{"start":{"line":65,"column":4},"end":{"line":68,"column":5}},"30":{"start":{"line":66,"column":6},"end":{"line":66,"column":40}},"31":{"start":{"line":67,"column":6},"end":{"line":67,"column":13}},"32":{"start":{"line":70,"column":4},"end":{"line":92,"column":7}},"33":{"start":{"line":71,"column":27},"end":{"line":71,"column":33}},"34":{"start":{"line":72,"column":6},"end":{"line":89,"column":7}},"35":{"start":{"line":73,"column":26},"end":{"line":73,"column":58}},"36":{"start":{"line":75,"column":8},"end":{"line":75,"column":42}},"37":{"start":{"line":77,"column":8},"end":{"line":82,"column":9}},"38":{"start":{"line":78,"column":10},"end":{"line":78,"column":46}},"39":{"start":{"line":79,"column":10},"end":{"line":79,"column":26}},"40":{"start":{"line":80,"column":10},"end":{"line":80,"column":27}},"41":{"start":{"line":81,"column":10},"end":{"line":81,"column":17}},"42":{"start":{"line":84,"column":8},"end":{"line":86,"column":9}},"43":{"start":{"line":85,"column":10},"end":{"line":85,"column":30}},"44":{"start":{"line":88,"column":8},"end":{"line":88,"column":15}},"45":{"start":{"line":91,"column":6},"end":{"line":91,"column":43}},"46":{"start":{"line":96,"column":4},"end":{"line":96,"column":23}},"47":{"start":{"line":100,"column":9},"end":{"line":100,"column":16}}},"fnMap":{"0":{"name":"(anonymous_1)","decl":{"start":{"line":100,"column":18},"end":{"line":100,"column":30}},"loc":{"start":{"line":100,"column":18},"end":{"line":1,"column":64}}},"1":{"name":"(anonymous_2)","decl":{"start":{"line":16,"column":2},"end":{"line":16,"column":null}},"loc":{"start":{"line":20,"column":15},"end":{"line":30,"column":3}}},"2":{"name":"(anonymous_3)","decl":{"start":{"line":32,"column":2},"end":{"line":32,"column":9}},"loc":{"start":{"line":32,"column":9},"end":{"line":60,"column":3}}},"3":{"name":"(anonymous_4)","decl":{"start":{"line":62,"column":2},"end":{"line":62,"column":7}},"loc":{"start":{"line":62,"column":11},"end":{"line":93,"column":3}}},"4":{"name":"(anonymous_5)","decl":{"start":{"line":70,"column":58},"end":{"line":70,"column":63}},"loc":{"start":{"line":70,"column":75},"end":{"line":92,"column":5}}},"5":{"name":"(anonymous_6)","decl":{"start":{"line":95,"column":2},"end":{"line":95,"column":6}},"loc":{"start":{"line":95,"column":11},"end":{"line":97,"column":3}}}},"branchMap":{"0":{"loc":{"start":{"line":18,"column":4},"end":{"line":18,"column":37}},"type":"default-arg","locations":[{"start":{"line":18,"column":33},"end":{"line":18,"column":37}}]},"1":{"loc":{"start":{"line":19,"column":4},"end":{"line":19,"column":21}},"type":"default-arg","locations":[{"start":{"line":19,"column":16},"end":{"line":19,"column":21}}]},"2":{"loc":{"start":{"line":20,"column":4},"end":{"line":20,"column":15}},"type":"default-arg","locations":[{"start":{"line":20,"column":14},"end":{"line":20,"column":15}}]},"3":{"loc":{"start":{"line":27,"column":4},"end":{"line":29,"column":5}},"type":"if","locations":[{"start":{"line":27,"column":4},"end":{"line":29,"column":5}}]},"4":{"loc":{"start":{"line":35,"column":4},"end":{"line":38,"column":5}},"type":"if","locations":[{"start":{"line":35,"column":4},"end":{"line":38,"column":5}}]},"5":{"loc":{"start":{"line":42,"column":4},"end":{"line":57,"column":5}},"type":"if","locations":[{"start":{"line":42,"column":4},"end":{"line":57,"column":5}}]},"6":{"loc":{"start":{"line":45,"column":6},"end":{"line":50,"column":7}},"type":"if","locations":[{"start":{"line":45,"column":6},"end":{"line":50,"column":7}}]},"7":{"loc":{"start":{"line":52,"column":6},"end":{"line":54,"column":7}},"type":"if","locations":[{"start":{"line":52,"column":6},"end":{"line":54,"column":7}}]},"8":{"loc":{"start":{"line":65,"column":4},"end":{"line":68,"column":5}},"type":"if","locations":[{"start":{"line":65,"column":4},"end":{"line":68,"column":5}}]},"9":{"loc":{"start":{"line":72,"column":6},"end":{"line":89,"column":7}},"type":"if","locations":[{"start":{"line":72,"column":6},"end":{"line":89,"column":7}}]},"10":{"loc":{"start":{"line":77,"column":8},"end":{"line":82,"column":9}},"type":"if","locations":[{"start":{"line":77,"column":8},"end":{"line":82,"column":9}}]},"11":{"loc":{"start":{"line":84,"column":8},"end":{"line":86,"column":9}},"type":"if","locations":[{"start":{"line":84,"column":8},"end":{"line":86,"column":9}}]}},"s":{"0":1,"1":8,"2":1,"3":1,"4":7,"5":7,"6":7,"7":7,"8":7,"9":7,"10":7,"11":1,"12":5,"13":5,"14":0,"15":0,"16":5,"17":5,"18":2,"19":2,"20":1,"21":1,"22":1,"23":1,"24":1,"25":1,"26":1,"27":3,"28":4,"29":4,"30":0,"31":0,"32":4,"33":4,"34":4,"35":2,"36":2,"37":2,"38":1,"39":1,"40":1,"41":1,"42":1,"43":1,"44":1,"45":2,"46":7,"47":1},"f":{"0":7,"1":7,"2":5,"3":4,"4":4,"5":7},"b":{"0":[2],"1":[4],"2":[5],"3":[1],"4":[0],"5":[2],"6":[1],"7":[1],"8":[0],"9":[2],"10":[1],"11":[1]}}
,"/home/makyr-linux/arcturus/modules/sleepydogs/src/models/Invoke/Invoke.ts": {"path":"/home/makyr-linux/arcturus/modules/sleepydogs/src/models/Invoke/Invoke.ts","statementMap":{"0":{"start":{"line":2,"column":0},"end":{"line":2,"column":null}},"1":{"start":{"line":15,"column":16},"end":{"line":15,"column":20}},"2":{"start":{"line":16,"column":17},"end":{"line":16,"column":37}},"3":{"start":{"line":17,"column":4},"end":{"line":46,"column":5}},"4":{"start":{"line":18,"column":6},"end":{"line":18,"column":24}},"5":{"start":{"line":19,"column":6},"end":{"line":19,"column":39}},"6":{"start":{"line":20,"column":6},"end":{"line":24,"column":8}},"7":{"start":{"line":26,"column":6},"end":{"line":26,"column":18}},"8":{"start":{"line":27,"column":6},"end":{"line":27,"column":38}},"9":{"start":{"line":29,"column":6},"end":{"line":31,"column":7}},"10":{"start":{"line":30,"column":8},"end":{"line":30,"column":18}},"11":{"start":{"line":33,"column":6},"end":{"line":35,"column":7}},"12":{"start":{"line":34,"column":8},"end":{"line":34,"column":29}},"13":{"start":{"line":37,"column":6},"end":{"line":39,"column":7}},"14":{"start":{"line":38,"column":8},"end":{"line":38,"column":46}},"15":{"start":{"line":41,"column":6},"end":{"line":45,"column":8}},"16":{"start":{"line":52,"column":19},"end":{"line":52,"column":24}},"17":{"start":{"line":53,"column":19},"end":{"line":53,"column":24}},"18":{"start":{"line":56,"column":4},"end":{"line":75,"column":5}},"19":{"start":{"line":57,"column":6},"end":{"line":57,"column":35}},"20":{"start":{"line":58,"column":6},"end":{"line":58,"column":22}},"21":{"start":{"line":59,"column":6},"end":{"line":63,"column":8}},"22":{"start":{"line":65,"column":6},"end":{"line":65,"column":23}},"23":{"start":{"line":66,"column":6},"end":{"line":66,"column":18}},"24":{"start":{"line":67,"column":6},"end":{"line":67,"column":22}},"25":{"start":{"line":68,"column":18},"end":{"line":68,"column":71}},"26":{"start":{"line":69,"column":6},"end":{"line":74,"column":8}},"27":{"start":{"line":10,"column":0},"end":{"line":10,"column":21}}},"fnMap":{"0":{"name":"(anonymous_0)","decl":{"start":{"line":11,"column":2},"end":{"line":11,"column":8}},"loc":{"start":{"line":12,"column":15},"end":{"line":47,"column":3}}},"1":{"name":"(anonymous_1)","decl":{"start":{"line":49,"column":2},"end":{"line":49,"column":8}},"loc":{"start":{"line":50,"column":20},"end":{"line":76,"column":3}}}},"branchMap":{"0":{"loc":{"start":{"line":29,"column":6},"end":{"line":31,"column":7}},"type":"if","locations":[{"start":{"line":29,"column":6},"end":{"line":31,"column":7}}]},"1":{"loc":{"start":{"line":33,"column":6},"end":{"line":35,"column":7}},"type":"if","locations":[{"start":{"line":33,"column":6},"end":{"line":35,"column":7}}]},"2":{"loc":{"start":{"line":37,"column":6},"end":{"line":39,"column":7}},"type":"if","locations":[{"start":{"line":37,"column":6},"end":{"line":39,"column":7}}]},"3":{"loc":{"start":{"line":68,"column":18},"end":{"line":68,"column":71}},"type":"cond-expr","locations":[{"start":{"line":68,"column":39},"end":{"line":68,"column":40}},{"start":{"line":68,"column":43},"end":{"line":68,"column":71}}]}},"s":{"0":3,"1":8,"2":8,"3":8,"4":8,"5":5,"6":5,"7":3,"8":3,"9":3,"10":3,"11":3,"12":0,"13":3,"14":0,"15":3,"16":6,"17":6,"18":6,"19":6,"20":3,"21":3,"22":3,"23":3,"24":3,"25":3,"26":3,"27":3},"f":{"0":8,"1":6},"b":{"0":[3],"1":[0],"2":[0],"3":[3,0]}}
,"/home/makyr-linux/arcturus/modules/sleepydogs/src/models/LazySingleton/LazySingleton.ts": {"path":"/home/makyr-linux/arcturus/modules/sleepydogs/src/models/LazySingleton/LazySingleton.ts","statementMap":{"0":{"start":{"line":9,"column":12},"end":{"line":11,"column":13}},"1":{"start":{"line":10,"column":16},"end":{"line":10,"column":65}},"2":{"start":{"line":12,"column":12},"end":{"line":12,"column":43}},"3":{"start":{"line":32,"column":4},"end":{"line":32,"column":25}},"4":{"start":{"line":35,"column":0},"end":{"line":35,"column":32}}},"fnMap":{"0":{"name":"SingletonFactory","decl":{"start":{"line":5,"column":9},"end":{"line":5,"column":25}},"loc":{"start":{"line":5,"column":56},"end":{"line":33,"column":1}}},"1":{"name":"(anonymous_1)","decl":{"start":{"line":8,"column":8},"end":{"line":8,"column":14}},"loc":{"start":{"line":8,"column":41},"end":{"line":13,"column":9}}}},"branchMap":{"0":{"loc":{"start":{"line":9,"column":12},"end":{"line":11,"column":13}},"type":"if","locations":[{"start":{"line":9,"column":12},"end":{"line":11,"column":13}}]}},"s":{"0":3,"1":2,"2":3,"3":2,"4":1},"f":{"0":2,"1":3},"b":{"0":[2]}}
,"/home/makyr-linux/arcturus/modules/sleepydogs/src/models/Signal/Graph.ts": {"path":"/home/makyr-linux/arcturus/modules/sleepydogs/src/models/Signal/Graph.ts","statementMap":{"0":{"start":{"line":16,"column":4},"end":{"line":16,"column":35}},"1":{"start":{"line":20,"column":4},"end":{"line":20,"column":47}},"2":{"start":{"line":20,"column":40},"end":{"line":20,"column":47}},"3":{"start":{"line":21,"column":4},"end":{"line":21,"column":39}},"4":{"start":{"line":25,"column":4},"end":{"line":27,"column":7}},"5":{"start":{"line":26,"column":6},"end":{"line":26,"column":66}},"6":{"start":{"line":26,"column":43},"end":{"line":26,"column":66}},"7":{"start":{"line":29,"column":28},"end":{"line":29,"column":49}},"8":{"start":{"line":30,"column":23},"end":{"line":30,"column":53}},"9":{"start":{"line":32,"column":4},"end":{"line":32,"column":75}},"10":{"start":{"line":36,"column":4},"end":{"line":36,"column":48}},"11":{"start":{"line":40,"column":4},"end":{"line":40,"column":35}},"12":{"start":{"line":3,"column":0},"end":{"line":3,"column":21}}},"fnMap":{"0":{"name":"(anonymous_0)","decl":{"start":{"line":15,"column":2},"end":{"line":15,"column":null}},"loc":{"start":{"line":15,"column":2},"end":{"line":17,"column":3}}},"1":{"name":"(anonymous_1)","decl":{"start":{"line":19,"column":2},"end":{"line":19,"column":11}},"loc":{"start":{"line":19,"column":21},"end":{"line":22,"column":3}}},"2":{"name":"(anonymous_2)","decl":{"start":{"line":24,"column":2},"end":{"line":24,"column":9}},"loc":{"start":{"line":24,"column":39},"end":{"line":33,"column":3}}},"3":{"name":"(anonymous_3)","decl":{"start":{"line":25,"column":40},"end":{"line":25,"column":41}},"loc":{"start":{"line":25,"column":51},"end":{"line":27,"column":5}}},"4":{"name":"(anonymous_4)","decl":{"start":{"line":35,"column":2},"end":{"line":35,"column":10}},"loc":{"start":{"line":35,"column":20},"end":{"line":37,"column":3}}},"5":{"name":"(anonymous_5)","decl":{"start":{"line":39,"column":2},"end":{"line":39,"column":6}},"loc":{"start":{"line":39,"column":10},"end":{"line":41,"column":3}}}},"branchMap":{"0":{"loc":{"start":{"line":20,"column":4},"end":{"line":20,"column":47}},"type":"if","locations":[{"start":{"line":20,"column":4},"end":{"line":20,"column":47}}]},"1":{"loc":{"start":{"line":26,"column":6},"end":{"line":26,"column":66}},"type":"if","locations":[{"start":{"line":26,"column":6},"end":{"line":26,"column":66}}]},"2":{"loc":{"start":{"line":36,"column":11},"end":{"line":36,"column":47}},"type":"binary-expr","locations":[{"start":{"line":36,"column":11},"end":{"line":36,"column":41}},{"start":{"line":36,"column":45},"end":{"line":36,"column":47}}]}},"s":{"0":2,"1":11,"2":0,"3":11,"4":1,"5":2,"6":0,"7":1,"8":1,"9":1,"10":5,"11":1,"12":2},"f":{"0":2,"1":11,"2":1,"3":2,"4":5,"5":1},"b":{"0":[0],"1":[0],"2":[5,0]}}
,"/home/makyr-linux/arcturus/modules/sleepydogs/src/models/Signal/GraphManager.ts": {"path":"/home/makyr-linux/arcturus/modules/sleepydogs/src/models/Signal/GraphManager.ts","statementMap":{"0":{"start":{"line":1,"column":0},"end":{"line":1,"column":31}},"1":{"start":{"line":2,"column":0},"end":{"line":2,"column":37}},"2":{"start":{"line":7,"column":4},"end":{"line":9,"column":6}},"3":{"start":{"line":12,"column":4},"end":{"line":14,"column":5}},"4":{"start":{"line":13,"column":6},"end":{"line":13,"column":73}},"5":{"start":{"line":16,"column":4},"end":{"line":16,"column":51}},"6":{"start":{"line":4,"column":0},"end":{"line":4,"column":13}},"7":{"start":{"line":25,"column":4},"end":{"line":25,"column":29}},"8":{"start":{"line":26,"column":4},"end":{"line":26,"column":28}},"9":{"start":{"line":30,"column":20},"end":{"line":30,"column":26}},"10":{"start":{"line":31,"column":4},"end":{"line":31,"column":30}},"11":{"start":{"line":32,"column":4},"end":{"line":32,"column":33}},"12":{"start":{"line":38,"column":20},"end":{"line":38,"column":26}},"13":{"start":{"line":39,"column":18},"end":{"line":39,"column":42}},"14":{"start":{"line":40,"column":25},"end":{"line":51,"column":56}},"15":{"start":{"line":41,"column":30},"end":{"line":41,"column":56}},"16":{"start":{"line":43,"column":8},"end":{"line":45,"column":9}},"17":{"start":{"line":44,"column":10},"end":{"line":44,"column":23}},"18":{"start":{"line":47,"column":8},"end":{"line":50,"column":10}},"19":{"start":{"line":53,"column":4},"end":{"line":53,"column":24}},"20":{"start":{"line":20,"column":0},"end":{"line":20,"column":13}}},"fnMap":{"0":{"name":"(anonymous_1)","decl":{"start":{"line":6,"column":2},"end":{"line":6,"column":null}},"loc":{"start":{"line":6,"column":2},"end":{"line":10,"column":3}}},"1":{"name":"(anonymous_2)","decl":{"start":{"line":11,"column":2},"end":{"line":11,"column":8}},"loc":{"start":{"line":11,"column":20},"end":{"line":17,"column":3}}},"2":{"name":"(anonymous_3)","decl":{"start":{"line":24,"column":2},"end":{"line":24,"column":null}},"loc":{"start":{"line":24,"column":2},"end":{"line":27,"column":3}}},"3":{"name":"(anonymous_4)","decl":{"start":{"line":29,"column":2},"end":{"line":29,"column":16}},"loc":{"start":{"line":29,"column":64},"end":{"line":33,"column":3}}},"4":{"name":"(anonymous_5)","decl":{"start":{"line":35,"column":2},"end":{"line":35,"column":23}},"loc":{"start":{"line":36,"column":48},"end":{"line":54,"column":3}}},"5":{"name":"(anonymous_6)","decl":{"start":{"line":41,"column":11},"end":{"line":41,"column":12}},"loc":{"start":{"line":41,"column":30},"end":{"line":41,"column":56}}},"6":{"name":"(anonymous_7)","decl":{"start":{"line":42,"column":14},"end":{"line":42,"column":15}},"loc":{"start":{"line":42,"column":28},"end":{"line":51,"column":7}}}},"branchMap":{"0":{"loc":{"start":{"line":12,"column":4},"end":{"line":14,"column":5}},"type":"if","locations":[{"start":{"line":12,"column":4},"end":{"line":14,"column":5}}]},"1":{"loc":{"start":{"line":43,"column":8},"end":{"line":45,"column":9}},"type":"if","locations":[{"start":{"line":43,"column":8},"end":{"line":45,"column":9}}]},"2":{"loc":{"start":{"line":48,"column":10},"end":{"line":49,"column":46}},"type":"binary-expr","locations":[{"start":{"line":48,"column":10},"end":{"line":48,"column":43}},{"start":{"line":49,"column":10},"end":{"line":49,"column":46}}]}},"s":{"0":1,"1":1,"2":0,"3":15,"4":1,"5":15,"6":1,"7":1,"8":1,"9":10,"10":10,"11":10,"12":4,"13":4,"14":4,"15":3,"16":3,"17":0,"18":3,"19":4,"20":1},"f":{"0":0,"1":15,"2":1,"3":10,"4":4,"5":3,"6":3},"b":{"0":[1],"1":[0],"2":[3,0]}}
,"/home/makyr-linux/arcturus/modules/sleepydogs/src/models/Signal/ReferenceId.ts": {"path":"/home/makyr-linux/arcturus/modules/sleepydogs/src/models/Signal/ReferenceId.ts","statementMap":{"0":{"start":{"line":4,"column":16},"end":{"line":4,"column":36}},"1":{"start":{"line":5,"column":4},"end":{"line":5,"column":15}},"2":{"start":{"line":2,"column":0},"end":{"line":2,"column":13}},"3":{"start":{"line":12,"column":4},"end":{"line":15,"column":5}},"4":{"start":{"line":13,"column":6},"end":{"line":14,"column":37}},"5":{"start":{"line":16,"column":4},"end":{"line":16,"column":69}},"6":{"start":{"line":9,"column":0},"end":{"line":9,"column":13}},"7":{"start":{"line":20,"column":0},"end":{"line":20,"column":13}}},"fnMap":{"0":{"name":"(anonymous_0)","decl":{"start":{"line":3,"column":2},"end":{"line":3,"column":10}},"loc":{"start":{"line":3,"column":10},"end":{"line":6,"column":3}}},"1":{"name":"(anonymous_1)","decl":{"start":{"line":11,"column":2},"end":{"line":11,"column":8}},"loc":{"start":{"line":11,"column":20},"end":{"line":17,"column":3}}}},"branchMap":{"0":{"loc":{"start":{"line":12,"column":4},"end":{"line":15,"column":5}},"type":"if","locations":[{"start":{"line":12,"column":4},"end":{"line":15,"column":5}}]}},"s":{"0":10,"1":10,"2":1,"3":10,"4":1,"5":10,"6":1,"7":1},"f":{"0":10,"1":10},"b":{"0":[1]}}
,"/home/makyr-linux/arcturus/modules/sleepydogs/src/models/Signal/SharedComputationContext.ts": {"path":"/home/makyr-linux/arcturus/modules/sleepydogs/src/models/Signal/SharedComputationContext.ts","statementMap":{"0":{"start":{"line":4,"column":61},"end":{"line":4,"column":63}},"1":{"start":{"line":8,"column":6},"end":{"line":10,"column":14}},"2":{"start":{"line":11,"column":4},"end":{"line":11,"column":19}},"3":{"start":{"line":15,"column":4},"end":{"line":15,"column":47}},"4":{"start":{"line":19,"column":4},"end":{"line":19,"column":59}},"5":{"start":{"line":19,"column":52},"end":{"line":19,"column":59}},"6":{"start":{"line":20,"column":21},"end":{"line":20,"column":57}},"7":{"start":{"line":21,"column":4},"end":{"line":21,"column":79}},"8":{"start":{"line":22,"column":4},"end":{"line":22,"column":20}},"9":{"start":{"line":3,"column":0},"end":{"line":3,"column":13}},"10":{"start":{"line":29,"column":4},"end":{"line":34,"column":5}},"11":{"start":{"line":32,"column":6},"end":{"line":33,"column":50}},"12":{"start":{"line":35,"column":4},"end":{"line":35,"column":76}},"13":{"start":{"line":26,"column":0},"end":{"line":26,"column":13}}},"fnMap":{"0":{"name":"(anonymous_0)","decl":{"start":{"line":6,"column":2},"end":{"line":6,"column":22}},"loc":{"start":{"line":6,"column":22},"end":{"line":12,"column":3}}},"1":{"name":"(anonymous_1)","decl":{"start":{"line":14,"column":2},"end":{"line":14,"column":6}},"loc":{"start":{"line":14,"column":35},"end":{"line":16,"column":3}}},"2":{"name":"(anonymous_2)","decl":{"start":{"line":18,"column":2},"end":{"line":18,"column":5}},"loc":{"start":{"line":18,"column":5},"end":{"line":23,"column":3}}},"3":{"name":"(anonymous_3)","decl":{"start":{"line":28,"column":2},"end":{"line":28,"column":8}},"loc":{"start":{"line":28,"column":20},"end":{"line":36,"column":3}}}},"branchMap":{"0":{"loc":{"start":{"line":8,"column":6},"end":{"line":10,"column":14}},"type":"cond-expr","locations":[{"start":{"line":9,"column":10},"end":{"line":9,"column":47}},{"start":{"line":10,"column":10},"end":{"line":10,"column":14}}]},"1":{"loc":{"start":{"line":19,"column":4},"end":{"line":19,"column":59}},"type":"if","locations":[{"start":{"line":19,"column":4},"end":{"line":19,"column":59}}]},"2":{"loc":{"start":{"line":29,"column":4},"end":{"line":34,"column":5}},"type":"if","locations":[{"start":{"line":29,"column":4},"end":{"line":34,"column":5}}]}},"s":{"0":1,"1":11,"2":11,"3":3,"4":3,"5":0,"6":3,"7":3,"8":3,"9":1,"10":11,"11":1,"12":11,"13":1},"f":{"0":11,"1":3,"2":3,"3":11},"b":{"0":[2,9],"1":[0],"2":[1]}}
,"/home/makyr-linux/arcturus/modules/sleepydogs/src/models/Signal/Signal.ts": {"path":"/home/makyr-linux/arcturus/modules/sleepydogs/src/models/Signal/Signal.ts","statementMap":{"0":{"start":{"line":2,"column":0},"end":{"line":2,"column":63}},"1":{"start":{"line":3,"column":0},"end":{"line":3,"column":68}},"2":{"start":{"line":4,"column":0},"end":{"line":4,"column":87}},"3":{"start":{"line":6,"column":0},"end":{"line":6,"column":null}},"4":{"start":{"line":18,"column":37},"end":{"line":18,"column":39}},"5":{"start":{"line":25,"column":38},"end":{"line":25,"column":65}},"6":{"start":{"line":31,"column":24},"end":{"line":32,"column":23}},"7":{"start":{"line":32,"column":6},"end":{"line":32,"column":23}},"8":{"start":{"line":35,"column":6},"end":{"line":35,"column":75}},"9":{"start":{"line":36,"column":6},"end":{"line":38,"column":7}},"10":{"start":{"line":37,"column":8},"end":{"line":37,"column":38}},"11":{"start":{"line":47,"column":6},"end":{"line":47,"column":21}},"12":{"start":{"line":44,"column":14},"end":{"line":44,"column":22}},"13":{"start":{"line":45,"column":14},"end":{"line":45,"column":48}},"14":{"start":{"line":48,"column":33},"end":{"line":48,"column":73}},"15":{"start":{"line":49,"column":6},"end":{"line":49,"column":46}},"16":{"start":{"line":53,"column":21},"end":{"line":53,"column":73}},"17":{"start":{"line":54,"column":22},"end":{"line":54,"column":51}},"18":{"start":{"line":56,"column":6},"end":{"line":66,"column":7}},"19":{"start":{"line":57,"column":8},"end":{"line":57,"column":60}},"20":{"start":{"line":58,"column":36},"end":{"line":58,"column":59}},"21":{"start":{"line":59,"column":8},"end":{"line":65,"column":9}},"22":{"start":{"line":60,"column":31},"end":{"line":60,"column":71}},"23":{"start":{"line":61,"column":10},"end":{"line":64,"column":13}},"24":{"start":{"line":68,"column":6},"end":{"line":68,"column":24}},"25":{"start":{"line":72,"column":6},"end":{"line":72,"column":44}},"26":{"start":{"line":73,"column":6},"end":{"line":73,"column":25}},"27":{"start":{"line":77,"column":6},"end":{"line":77,"column":40}},"28":{"start":{"line":81,"column":19},"end":{"line":81,"column":46}},"29":{"start":{"line":82,"column":6},"end":{"line":82,"column":49}},"30":{"start":{"line":82,"column":36},"end":{"line":82,"column":49}},"31":{"start":{"line":83,"column":6},"end":{"line":83,"column":48}},"32":{"start":{"line":87,"column":6},"end":{"line":87,"column":56}},"33":{"start":{"line":91,"column":38},"end":{"line":91,"column":76}},"34":{"start":{"line":92,"column":6},"end":{"line":92,"column":64}},"35":{"start":{"line":96,"column":6},"end":{"line":98,"column":8}},"36":{"start":{"line":42,"column":15},"end":{"line":100,"column":null}},"37":{"start":{"line":103,"column":30},"end":{"line":103,"column":34}},"38":{"start":{"line":109,"column":6},"end":{"line":109,"column":21}},"39":{"start":{"line":106,"column":13},"end":{"line":106,"column":41}},"40":{"start":{"line":110,"column":33},"end":{"line":110,"column":73}},"41":{"start":{"line":111,"column":6},"end":{"line":111,"column":46}},"42":{"start":{"line":118,"column":21},"end":{"line":118,"column":73}},"43":{"start":{"line":119,"column":22},"end":{"line":119,"column":51}},"44":{"start":{"line":124,"column":6},"end":{"line":124,"column":24}},"45":{"start":{"line":133,"column":6},"end":{"line":157,"column":7}},"46":{"start":{"line":134,"column":24},"end":{"line":134,"column":33}},"47":{"start":{"line":135,"column":8},"end":{"line":135,"column":29}},"48":{"start":{"line":143,"column":10},"end":{"line":143,"column":78}},"49":{"start":{"line":146,"column":10},"end":{"line":151,"column":39}},"50":{"start":{"line":148,"column":33},"end":{"line":148,"column":79}},"51":{"start":{"line":149,"column":14},"end":{"line":149,"column":32}},"52":{"start":{"line":153,"column":8},"end":{"line":156,"column":9}},"53":{"start":{"line":154,"column":10},"end":{"line":154,"column":48}},"54":{"start":{"line":155,"column":10},"end":{"line":155,"column":33}},"55":{"start":{"line":159,"column":6},"end":{"line":169,"column":7}},"56":{"start":{"line":160,"column":8},"end":{"line":160,"column":60}},"57":{"start":{"line":161,"column":36},"end":{"line":161,"column":59}},"58":{"start":{"line":162,"column":8},"end":{"line":168,"column":9}},"59":{"start":{"line":163,"column":31},"end":{"line":163,"column":71}},"60":{"start":{"line":164,"column":10},"end":{"line":167,"column":13}},"61":{"start":{"line":174,"column":6},"end":{"line":174,"column":19}},"62":{"start":{"line":179,"column":6},"end":{"line":179,"column":24}},"63":{"start":{"line":183,"column":38},"end":{"line":183,"column":76}},"64":{"start":{"line":184,"column":6},"end":{"line":184,"column":77}},"65":{"start":{"line":188,"column":6},"end":{"line":188,"column":40}},"66":{"start":{"line":192,"column":19},"end":{"line":192,"column":46}},"67":{"start":{"line":193,"column":6},"end":{"line":193,"column":60}},"68":{"start":{"line":193,"column":48},"end":{"line":193,"column":60}},"69":{"start":{"line":194,"column":6},"end":{"line":194,"column":38}},"70":{"start":{"line":194,"column":25},"end":{"line":194,"column":38}},"71":{"start":{"line":195,"column":6},"end":{"line":195,"column":44}},"72":{"start":{"line":195,"column":31},"end":{"line":195,"column":44}},"73":{"start":{"line":196,"column":6},"end":{"line":196,"column":48}},"74":{"start":{"line":200,"column":6},"end":{"line":202,"column":8}},"75":{"start":{"line":102,"column":15},"end":{"line":204,"column":null}},"76":{"start":{"line":209,"column":23},"end":{"line":209,"column":41}}},"fnMap":{"0":{"name":"(anonymous_0)","decl":{"start":{"line":6,"column":0},"end":{"line":6,"column":17}},"loc":{"start":{"line":6,"column":23},"end":{"line":211,"column":1}}},"1":{"name":"(anonymous_1)","decl":{"start":{"line":31,"column":24},"end":{"line":31,"column":25}},"loc":{"start":{"line":32,"column":6},"end":{"line":32,"column":23}}},"2":{"name":"(anonymous_2)","decl":{"start":{"line":34,"column":4},"end":{"line":34,"column":16}},"loc":{"start":{"line":34,"column":50},"end":{"line":39,"column":5}}},"3":{"name":"(anonymous_3)","decl":{"start":{"line":43,"column":4},"end":{"line":43,"column":null}},"loc":{"start":{"line":45,"column":48},"end":{"line":50,"column":5}}},"4":{"name":"(anonymous_4)","decl":{"start":{"line":52,"column":4},"end":{"line":52,"column":7}},"loc":{"start":{"line":52,"column":7},"end":{"line":69,"column":5}}},"5":{"name":"(anonymous_5)","decl":{"start":{"line":71,"column":4},"end":{"line":71,"column":7}},"loc":{"start":{"line":71,"column":16},"end":{"line":74,"column":5}}},"6":{"name":"(anonymous_6)","decl":{"start":{"line":76,"column":4},"end":{"line":76,"column":10}},"loc":{"start":{"line":76,"column":23},"end":{"line":78,"column":5}}},"7":{"name":"(anonymous_7)","decl":{"start":{"line":80,"column":4},"end":{"line":80,"column":14}},"loc":{"start":{"line":80,"column":14},"end":{"line":84,"column":5}}},"8":{"name":"(anonymous_8)","decl":{"start":{"line":86,"column":4},"end":{"line":86,"column":10}},"loc":{"start":{"line":86,"column":10},"end":{"line":88,"column":5}}},"9":{"name":"(anonymous_9)","decl":{"start":{"line":90,"column":4},"end":{"line":90,"column":40}},"loc":{"start":{"line":90,"column":62},"end":{"line":93,"column":5}}},"10":{"name":"(anonymous_10)","decl":{"start":{"line":95,"column":4},"end":{"line":95,"column":17}},"loc":{"start":{"line":95,"column":17},"end":{"line":99,"column":5}}},"11":{"name":"(anonymous_11)","decl":{"start":{"line":105,"column":4},"end":{"line":105,"column":null}},"loc":{"start":{"line":107,"column":40},"end":{"line":112,"column":5}}},"12":{"name":"(anonymous_12)","decl":{"start":{"line":114,"column":4},"end":{"line":114,"column":7}},"loc":{"start":{"line":114,"column":7},"end":{"line":180,"column":5}}},"13":{"name":"(anonymous_13)","decl":{"start":{"line":147,"column":17},"end":{"line":147,"column":18}},"loc":{"start":{"line":147,"column":25},"end":{"line":150,"column":13}}},"14":{"name":"(anonymous_14)","decl":{"start":{"line":182,"column":4},"end":{"line":182,"column":40}},"loc":{"start":{"line":182,"column":62},"end":{"line":185,"column":5}}},"15":{"name":"(anonymous_15)","decl":{"start":{"line":187,"column":4},"end":{"line":187,"column":10}},"loc":{"start":{"line":187,"column":23},"end":{"line":189,"column":5}}},"16":{"name":"(anonymous_16)","decl":{"start":{"line":191,"column":4},"end":{"line":191,"column":14}},"loc":{"start":{"line":191,"column":14},"end":{"line":197,"column":5}}},"17":{"name":"(anonymous_17)","decl":{"start":{"line":199,"column":4},"end":{"line":199,"column":17}},"loc":{"start":{"line":199,"column":17},"end":{"line":203,"column":5}}},"18":{"name":"createEffect","decl":{"start":{"line":206,"column":11},"end":{"line":206,"column":23}},"loc":{"start":{"line":206,"column":42},"end":{"line":206,"column":46}}},"19":{"name":"(anonymous_19)","decl":{"start":{"line":209,"column":4},"end":{"line":209,"column":23}},"loc":{"start":{"line":209,"column":41},"end":{"line":209,"column":45}}}},"branchMap":{"0":{"loc":{"start":{"line":36,"column":6},"end":{"line":38,"column":7}},"type":"if","locations":[{"start":{"line":36,"column":6},"end":{"line":38,"column":7}}]},"1":{"loc":{"start":{"line":56,"column":6},"end":{"line":66,"column":7}},"type":"if","locations":[{"start":{"line":56,"column":6},"end":{"line":66,"column":7}}]},"2":{"loc":{"start":{"line":59,"column":8},"end":{"line":65,"column":9}},"type":"if","locations":[{"start":{"line":59,"column":8},"end":{"line":65,"column":9}}]},"3":{"loc":{"start":{"line":82,"column":6},"end":{"line":82,"column":49}},"type":"if","locations":[{"start":{"line":82,"column":6},"end":{"line":82,"column":49}}]},"4":{"loc":{"start":{"line":133,"column":6},"end":{"line":157,"column":7}},"type":"if","locations":[{"start":{"line":133,"column":6},"end":{"line":157,"column":7}},{"start":{"line":136,"column":13},"end":{"line":157,"column":7}}]},"5":{"loc":{"start":{"line":153,"column":8},"end":{"line":156,"column":9}},"type":"if","locations":[{"start":{"line":153,"column":8},"end":{"line":156,"column":9}}]},"6":{"loc":{"start":{"line":159,"column":6},"end":{"line":169,"column":7}},"type":"if","locations":[{"start":{"line":159,"column":6},"end":{"line":169,"column":7}}]},"7":{"loc":{"start":{"line":162,"column":8},"end":{"line":168,"column":9}},"type":"if","locations":[{"start":{"line":162,"column":8},"end":{"line":168,"column":9}}]},"8":{"loc":{"start":{"line":193,"column":6},"end":{"line":193,"column":60}},"type":"if","locations":[{"start":{"line":193,"column":6},"end":{"line":193,"column":60}}]},"9":{"loc":{"start":{"line":193,"column":10},"end":{"line":193,"column":46}},"type":"binary-expr","locations":[{"start":{"line":193,"column":10},"end":{"line":193,"column":29}},{"start":{"line":193,"column":33},"end":{"line":193,"column":46}}]},"10":{"loc":{"start":{"line":194,"column":6},"end":{"line":194,"column":38}},"type":"if","locations":[{"start":{"line":194,"column":6},"end":{"line":194,"column":38}}]},"11":{"loc":{"start":{"line":195,"column":6},"end":{"line":195,"column":44}},"type":"if","locations":[{"start":{"line":195,"column":6},"end":{"line":195,"column":44}}]},"12":{"loc":{"start":{"line":6,"column":17},"end":{"line":6,"column":null}},"type":"binary-expr","locations":[{"start":{"line":6,"column":17},"end":{"line":6,"column":23}},{"start":{"line":6,"column":23},"end":{"line":6,"column":null}}]}},"s":{"0":1,"1":1,"2":1,"3":1,"4":10,"5":10,"6":10,"7":2,"8":10,"9":10,"10":0,"11":5,"12":5,"13":5,"14":5,"15":5,"16":8,"17":8,"18":8,"19":2,"20":2,"21":2,"22":1,"23":1,"24":8,"25":2,"26":2,"27":2,"28":0,"29":0,"30":0,"31":0,"32":0,"33":2,"34":2,"35":0,"36":1,"37":5,"38":5,"39":5,"40":5,"41":5,"42":3,"43":3,"44":3,"45":3,"46":1,"47":1,"48":2,"49":2,"50":2,"51":2,"52":2,"53":1,"54":1,"55":3,"56":0,"57":0,"58":0,"59":0,"60":0,"61":3,"62":3,"63":0,"64":0,"65":0,"66":0,"67":0,"68":0,"69":0,"70":0,"71":0,"72":0,"73":0,"74":2,"75":1,"76":0},"f":{"0":1,"1":2,"2":10,"3":5,"4":8,"5":2,"6":2,"7":0,"8":0,"9":2,"10":0,"11":5,"12":3,"13":2,"14":0,"15":0,"16":0,"17":2,"18":0,"19":0},"b":{"0":[0],"1":[2],"2":[1],"3":[0],"4":[1,2],"5":[1],"6":[0],"7":[0],"8":[0],"9":[0,0],"10":[0],"11":[0],"12":[1,1]}}
,"/home/makyr-linux/arcturus/modules/sleepydogs/src/types/Attempt.ts": {"path":"/home/makyr-linux/arcturus/modules/sleepydogs/src/types/Attempt.ts","statementMap":{"0":{"start":{"line":3,"column":0},"end":{"line":3,"column":null}},"1":{"start":{"line":4,"column":2},"end":{"line":4,"column":null}},"2":{"start":{"line":5,"column":2},"end":{"line":5,"column":null}},"3":{"start":{"line":6,"column":2},"end":{"line":6,"column":null}},"4":{"start":{"line":7,"column":2},"end":{"line":7,"column":null}},"5":{"start":{"line":8,"column":2},"end":{"line":8,"column":null}}},"fnMap":{"0":{"name":"(anonymous_0)","decl":{"start":{"line":3,"column":0},"end":{"line":3,"column":12}},"loc":{"start":{"line":3,"column":24},"end":{"line":9,"column":1}}}},"branchMap":{"0":{"loc":{"start":{"line":3,"column":12},"end":{"line":3,"column":null}},"type":"binary-expr","locations":[{"start":{"line":3,"column":12},"end":{"line":3,"column":24}},{"start":{"line":3,"column":24},"end":{"line":3,"column":null}}]}},"s":{"0":1,"1":1,"2":1,"3":1,"4":1,"5":1},"f":{"0":1},"b":{"0":[1,1]}}
,"/home/makyr-linux/arcturus/modules/sleepydogs/src/types/Invoke.ts": {"path":"/home/makyr-linux/arcturus/modules/sleepydogs/src/types/Invoke.ts","statementMap":{"0":{"start":{"line":1,"column":0},"end":{"line":1,"column":null}},"1":{"start":{"line":2,"column":2},"end":{"line":2,"column":null}},"2":{"start":{"line":3,"column":2},"end":{"line":3,"column":null}},"3":{"start":{"line":4,"column":2},"end":{"line":4,"column":null}}},"fnMap":{"0":{"name":"(anonymous_0)","decl":{"start":{"line":1,"column":0},"end":{"line":1,"column":12}},"loc":{"start":{"line":1,"column":27},"end":{"line":5,"column":1}}}},"branchMap":{"0":{"loc":{"start":{"line":1,"column":12},"end":{"line":1,"column":null}},"type":"binary-expr","locations":[{"start":{"line":1,"column":12},"end":{"line":1,"column":27}},{"start":{"line":1,"column":27},"end":{"line":1,"column":null}}]}},"s":{"0":3,"1":3,"2":3,"3":3},"f":{"0":3},"b":{"0":[3,3]}}
}
