{"total": {"lines":{"total":85,"covered":47,"skipped":0,"pct":55.29},"statements":{"total":87,"covered":48,"skipped":0,"pct":55.17},"functions":{"total":11,"covered":7,"skipped":0,"pct":63.63},"branches":{"total":21,"covered":10,"skipped":0,"pct":47.61},"branchesTrue":{"total":0,"covered":0,"skipped":0,"pct":100}}
,"/home/makyr-linux/arcturus/modules/sleepydogs/src/models/Attempt/Attempt.ts": {"lines":{"total":47,"covered":22,"skipped":0,"pct":46.8},"functions":{"total":7,"covered":4,"skipped":0,"pct":57.14},"statements":{"total":49,"covered":23,"skipped":0,"pct":46.93},"branches":{"total":12,"covered":5,"skipped":0,"pct":41.66}}
,"/home/makyr-linux/arcturus/modules/sleepydogs/src/models/Invoke/Invoke.ts": {"lines":{"total":28,"covered":15,"skipped":0,"pct":53.57},"functions":{"total":2,"covered":1,"skipped":0,"pct":50},"statements":{"total":28,"covered":15,"skipped":0,"pct":53.57},"branches":{"total":5,"covered":1,"skipped":0,"pct":20}}
,"/home/makyr-linux/arcturus/modules/sleepydogs/src/types/Attempt.ts": {"lines":{"total":6,"covered":6,"skipped":0,"pct":100},"functions":{"total":1,"covered":1,"skipped":0,"pct":100},"statements":{"total":6,"covered":6,"skipped":0,"pct":100},"branches":{"total":2,"covered":2,"skipped":0,"pct":100}}
,"/home/makyr-linux/arcturus/modules/sleepydogs/src/types/Invoke.ts": {"lines":{"total":4,"covered":4,"skipped":0,"pct":100},"functions":{"total":1,"covered":1,"skipped":0,"pct":100},"statements":{"total":4,"covered":4,"skipped":0,"pct":100},"branches":{"total":2,"covered":2,"skipped":0,"pct":100}}
}
