{"total": {"lines":{"total":335,"covered":250,"skipped":0,"pct":74.62},"statements":{"total":345,"covered":252,"skipped":0,"pct":73.04},"functions":{"total":69,"covered":55,"skipped":0,"pct":79.71},"branches":{"total":163,"covered":60,"skipped":0,"pct":36.8},"branchesTrue":{"total":0,"covered":0,"skipped":0,"pct":100}}
,"/home/makyr-linux/arcturus/modules/sleepydogs/src/functions/safewrap/index.ts": {"lines":{"total":24,"covered":15,"skipped":0,"pct":62.5},"functions":{"total":6,"covered":4,"skipped":0,"pct":66.66},"statements":{"total":24,"covered":15,"skipped":0,"pct":62.5},"branches":{"total":6,"covered":3,"skipped":0,"pct":50}}
,"/home/makyr-linux/arcturus/modules/sleepydogs/src/models/Attempt/Attempt.ts": {"lines":{"total":47,"covered":43,"skipped":0,"pct":91.48},"functions":{"total":6,"covered":6,"skipped":0,"pct":100},"statements":{"total":48,"covered":44,"skipped":0,"pct":91.66},"branches":{"total":12,"covered":10,"skipped":0,"pct":83.33}}
,"/home/makyr-linux/arcturus/modules/sleepydogs/src/models/Invoke/Invoke.ts": {"lines":{"total":28,"covered":26,"skipped":0,"pct":92.85},"functions":{"total":2,"covered":2,"skipped":0,"pct":100},"statements":{"total":28,"covered":26,"skipped":0,"pct":92.85},"branches":{"total":5,"covered":2,"skipped":0,"pct":40}}
,"/home/makyr-linux/arcturus/modules/sleepydogs/src/models/Logger/Logger.ts": {"lines":{"total":91,"covered":43,"skipped":0,"pct":47.25},"functions":{"total":17,"covered":12,"skipped":0,"pct":70.58},"statements":{"total":93,"covered":44,"skipped":0,"pct":47.31},"branches":{"total":105,"covered":26,"skipped":0,"pct":24.76}}
,"/home/makyr-linux/arcturus/modules/sleepydogs/src/models/Signal/Graph.ts": {"lines":{"total":11,"covered":11,"skipped":0,"pct":100},"functions":{"total":6,"covered":6,"skipped":0,"pct":100},"statements":{"total":13,"covered":11,"skipped":0,"pct":84.61},"branches":{"total":4,"covered":1,"skipped":0,"pct":25}}
,"/home/makyr-linux/arcturus/modules/sleepydogs/src/models/Signal/Signal.ts": {"lines":{"total":124,"covered":102,"skipped":0,"pct":82.25},"functions":{"total":30,"covered":23,"skipped":0,"pct":76.66},"statements":{"total":129,"covered":102,"skipped":0,"pct":79.06},"branches":{"total":27,"covered":14,"skipped":0,"pct":51.85}}
,"/home/makyr-linux/arcturus/modules/sleepydogs/src/types/Attempt.ts": {"lines":{"total":6,"covered":6,"skipped":0,"pct":100},"functions":{"total":1,"covered":1,"skipped":0,"pct":100},"statements":{"total":6,"covered":6,"skipped":0,"pct":100},"branches":{"total":2,"covered":2,"skipped":0,"pct":100}}
,"/home/makyr-linux/arcturus/modules/sleepydogs/src/types/Invoke.ts": {"lines":{"total":4,"covered":4,"skipped":0,"pct":100},"functions":{"total":1,"covered":1,"skipped":0,"pct":100},"statements":{"total":4,"covered":4,"skipped":0,"pct":100},"branches":{"total":2,"covered":2,"skipped":0,"pct":100}}
}
