TN:
SF:src/models/Attempt/Attempt.ts
FN:100,(anonymous_10)
FN:16,(anonymous_11)
FN:32,(anonymous_12)
FN:62,(anonymous_13)
FN:70,(anonymous_15)
FN:70,(anonymous_16)
FN:95,(anonymous_17)
FNF:7
FNH:4
FNDA:1,(anonymous_10)
FNDA:1,(anonymous_11)
FNDA:1,(anonymous_12)
FNDA:0,(anonymous_13)
FNDA:0,(anonymous_15)
FNDA:0,(anonymous_16)
FNDA:1,(anonymous_17)
DA:1,1
DA:4,1
DA:5,1
DA:8,1
DA:9,1
DA:22,1
DA:23,1
DA:24,1
DA:25,1
DA:27,1
DA:28,0
DA:33,1
DA:35,1
DA:36,0
DA:37,0
DA:40,1
DA:42,1
DA:43,0
DA:45,0
DA:46,0
DA:47,0
DA:48,0
DA:49,0
DA:52,0
DA:53,0
DA:56,0
DA:59,1
DA:63,0
DA:65,0
DA:66,0
DA:67,0
DA:70,0
DA:71,0
DA:72,0
DA:73,0
DA:75,0
DA:77,0
DA:78,0
DA:79,0
DA:80,0
DA:81,0
DA:84,0
DA:85,0
DA:88,0
DA:91,0
DA:96,1
DA:100,2
LF:47
LH:17
BRDA:18,0,0,1
BRDA:19,1,0,1
BRDA:20,2,0,1
BRDA:27,3,0,0
BRDA:35,4,0,0
BRDA:42,5,0,0
BRDA:45,6,0,0
BRDA:52,7,0,0
BRDA:65,8,0,0
BRDA:72,9,0,0
BRDA:77,10,0,0
BRDA:84,11,0,0
BRF:12
BRH:3
end_of_record
TN:
SF:src/models/Invoke/Invoke.ts
FN:11,(anonymous_7)
FN:49,(anonymous_8)
FNF:2
FNH:1
FNDA:1,(anonymous_7)
FNDA:0,(anonymous_8)
DA:2,1
DA:10,1
DA:15,1
DA:16,1
DA:17,1
DA:18,1
DA:19,1
DA:20,1
DA:26,0
DA:27,0
DA:29,0
DA:30,0
DA:33,0
DA:34,0
DA:37,0
DA:38,0
DA:41,0
DA:52,0
DA:53,0
DA:56,0
DA:57,0
DA:58,0
DA:59,0
DA:65,0
DA:66,0
DA:67,0
DA:68,0
DA:69,0
LF:28
LH:8
BRDA:29,0,0,0
BRDA:33,1,0,0
BRDA:37,2,0,0
BRDA:68,3,0,0
BRDA:68,3,1,0
BRF:5
BRH:0
end_of_record
TN:
SF:src/types/Attempt.ts
FN:3,(anonymous_0)
FNF:1
FNH:1
FNDA:1,(anonymous_0)
DA:3,1
DA:4,1
DA:5,1
DA:6,1
DA:7,1
DA:8,1
LF:6
LH:6
BRDA:3,0,0,1
BRDA:3,0,1,1
BRF:2
BRH:2
end_of_record
TN:
SF:src/types/Invoke.ts
FN:1,(anonymous_0)
FNF:1
FNH:1
FNDA:1,(anonymous_0)
DA:1,1
DA:2,1
DA:3,1
DA:4,1
LF:4
LH:4
BRDA:1,0,0,1
BRDA:1,0,1,1
BRF:2
BRH:2
end_of_record
