TN:
SF:src/functions/safewrap/index.ts
FN:5,(anonymous_1)
FN:23,safewrap
FN:29,(anonymous_3)
FN:31,(anonymous_4)
FN:50,(anonymous_5)
FN:51,(anonymous_6)
FNF:6
FNH:4
FNDA:1,(anonymous_1)
FNDA:1,safewrap
FNDA:0,(anonymous_3)
FNDA:0,(anonymous_4)
FNDA:1,(anonymous_5)
FNDA:1,(anonymous_6)
DA:2,1
DA:3,1
DA:5,1
DA:6,1
DA:7,1
DA:8,1
DA:23,1
DA:28,1
DA:29,0
DA:30,0
DA:31,0
DA:33,0
DA:34,0
DA:35,0
DA:41,0
DA:42,0
DA:50,1
DA:51,1
DA:52,1
DA:53,1
DA:54,1
DA:55,0
DA:62,1
DA:70,1
LF:24
LH:15
BRDA:5,0,0,1
BRDA:5,0,1,1
BRDA:25,1,0,1
BRDA:28,2,0,0
BRDA:34,3,0,0
BRDA:54,4,0,0
BRF:6
BRH:3
end_of_record
TN:
SF:src/models/Attempt/Attempt.ts
FN:100,(anonymous_1)
FN:16,(anonymous_2)
FN:32,(anonymous_3)
FN:62,(anonymous_4)
FN:70,(anonymous_5)
FN:95,(anonymous_6)
FNF:6
FNH:6
FNDA:7,(anonymous_1)
FNDA:7,(anonymous_2)
FNDA:5,(anonymous_3)
FNDA:4,(anonymous_4)
FNDA:4,(anonymous_5)
FNDA:7,(anonymous_6)
DA:1,1
DA:4,1
DA:5,1
DA:8,7
DA:9,7
DA:22,7
DA:23,7
DA:24,7
DA:25,7
DA:27,7
DA:28,1
DA:33,5
DA:35,5
DA:36,0
DA:37,0
DA:40,5
DA:42,5
DA:43,2
DA:45,2
DA:46,1
DA:47,1
DA:48,1
DA:49,1
DA:52,1
DA:53,1
DA:56,1
DA:59,3
DA:63,4
DA:65,4
DA:66,0
DA:67,0
DA:70,4
DA:71,4
DA:72,4
DA:73,2
DA:75,2
DA:77,2
DA:78,1
DA:79,1
DA:80,1
DA:81,1
DA:84,1
DA:85,1
DA:88,1
DA:91,2
DA:96,7
DA:100,8
LF:47
LH:43
BRDA:18,0,0,2
BRDA:19,1,0,4
BRDA:20,2,0,5
BRDA:27,3,0,1
BRDA:35,4,0,0
BRDA:42,5,0,2
BRDA:45,6,0,1
BRDA:52,7,0,1
BRDA:65,8,0,0
BRDA:72,9,0,2
BRDA:77,10,0,1
BRDA:84,11,0,1
BRF:12
BRH:10
end_of_record
TN:
SF:src/models/Invoke/Invoke.ts
FN:11,(anonymous_0)
FN:49,(anonymous_1)
FNF:2
FNH:2
FNDA:8,(anonymous_0)
FNDA:6,(anonymous_1)
DA:2,3
DA:10,3
DA:15,8
DA:16,8
DA:17,8
DA:18,8
DA:19,5
DA:20,5
DA:26,3
DA:27,3
DA:29,3
DA:30,3
DA:33,3
DA:34,0
DA:37,3
DA:38,0
DA:41,3
DA:52,6
DA:53,6
DA:56,6
DA:57,6
DA:58,3
DA:59,3
DA:65,3
DA:66,3
DA:67,3
DA:68,3
DA:69,3
LF:28
LH:26
BRDA:29,0,0,3
BRDA:33,1,0,0
BRDA:37,2,0,0
BRDA:68,3,0,3
BRDA:68,3,1,0
BRF:5
BRH:2
end_of_record
TN:
SF:src/models/LazySingleton/LazySingleton.ts
FN:4,SingletonFactory
FN:7,(anonymous_1)
FNF:2
FNH:2
FNDA:2,SingletonFactory
FNDA:3,(anonymous_1)
DA:8,3
DA:9,2
DA:11,3
DA:31,2
DA:34,1
LF:5
LH:5
BRDA:8,0,0,2
BRF:1
BRH:1
end_of_record
TN:
SF:src/models/Signal/Graph.ts
FN:15,(anonymous_0)
FN:19,(anonymous_1)
FN:24,(anonymous_2)
FN:25,(anonymous_3)
FN:35,(anonymous_4)
FN:39,(anonymous_5)
FNF:6
FNH:6
FNDA:2,(anonymous_0)
FNDA:11,(anonymous_1)
FNDA:1,(anonymous_2)
FNDA:2,(anonymous_3)
FNDA:5,(anonymous_4)
FNDA:1,(anonymous_5)
DA:3,2
DA:16,2
DA:20,11
DA:21,11
DA:25,1
DA:26,2
DA:29,1
DA:30,1
DA:32,1
DA:36,5
DA:40,1
LF:11
LH:11
BRDA:20,0,0,0
BRDA:26,1,0,0
BRDA:36,2,0,5
BRDA:36,2,1,0
BRF:4
BRH:1
end_of_record
TN:
SF:src/models/Signal/GraphManager.ts
FN:6,(anonymous_1)
FN:11,(anonymous_2)
FN:24,(anonymous_3)
FN:29,(anonymous_4)
FN:35,(anonymous_5)
FN:41,(anonymous_6)
FN:42,(anonymous_7)
FNF:7
FNH:6
FNDA:0,(anonymous_1)
FNDA:15,(anonymous_2)
FNDA:1,(anonymous_3)
FNDA:10,(anonymous_4)
FNDA:4,(anonymous_5)
FNDA:3,(anonymous_6)
FNDA:3,(anonymous_7)
DA:1,1
DA:2,1
DA:4,1
DA:7,0
DA:12,15
DA:13,1
DA:16,15
DA:20,1
DA:25,1
DA:26,1
DA:30,10
DA:31,10
DA:32,10
DA:38,4
DA:39,4
DA:40,4
DA:41,3
DA:43,3
DA:44,0
DA:47,3
DA:53,4
LF:21
LH:19
BRDA:12,0,0,1
BRDA:43,1,0,0
BRDA:48,2,0,3
BRDA:48,2,1,0
BRF:4
BRH:2
end_of_record
TN:
SF:src/models/Signal/ReferenceId.ts
FN:3,(anonymous_0)
FN:11,(anonymous_1)
FNF:2
FNH:2
FNDA:10,(anonymous_0)
FNDA:10,(anonymous_1)
DA:2,1
DA:4,10
DA:5,10
DA:9,1
DA:12,10
DA:13,1
DA:16,10
DA:20,1
LF:8
LH:8
BRDA:12,0,0,1
BRF:1
BRH:1
end_of_record
TN:
SF:src/models/Signal/SharedComputationContext.ts
FN:6,(anonymous_0)
FN:14,(anonymous_1)
FN:18,(anonymous_2)
FN:28,(anonymous_3)
FNF:4
FNH:4
FNDA:11,(anonymous_0)
FNDA:3,(anonymous_1)
FNDA:3,(anonymous_2)
FNDA:11,(anonymous_3)
DA:3,1
DA:4,1
DA:8,11
DA:11,11
DA:15,3
DA:19,3
DA:20,3
DA:21,3
DA:22,3
DA:26,1
DA:29,11
DA:32,1
DA:35,11
LF:13
LH:13
BRDA:8,0,0,2
BRDA:8,0,1,9
BRDA:19,1,0,0
BRDA:29,2,0,1
BRF:4
BRH:3
end_of_record
TN:
SF:src/models/Signal/Signal.ts
FN:6,(anonymous_0)
FN:31,(anonymous_1)
FN:34,(anonymous_2)
FN:43,(anonymous_3)
FN:52,(anonymous_4)
FN:71,(anonymous_5)
FN:76,(anonymous_6)
FN:80,(anonymous_7)
FN:86,(anonymous_8)
FN:90,(anonymous_9)
FN:95,(anonymous_10)
FN:105,(anonymous_11)
FN:114,(anonymous_12)
FN:147,(anonymous_13)
FN:182,(anonymous_14)
FN:187,(anonymous_15)
FN:191,(anonymous_16)
FN:199,(anonymous_17)
FN:206,createEffect
FN:209,(anonymous_19)
FNF:20
FNH:12
FNDA:1,(anonymous_0)
FNDA:2,(anonymous_1)
FNDA:10,(anonymous_2)
FNDA:5,(anonymous_3)
FNDA:8,(anonymous_4)
FNDA:2,(anonymous_5)
FNDA:2,(anonymous_6)
FNDA:0,(anonymous_7)
FNDA:0,(anonymous_8)
FNDA:2,(anonymous_9)
FNDA:0,(anonymous_10)
FNDA:5,(anonymous_11)
FNDA:3,(anonymous_12)
FNDA:2,(anonymous_13)
FNDA:0,(anonymous_14)
FNDA:0,(anonymous_15)
FNDA:0,(anonymous_16)
FNDA:2,(anonymous_17)
FNDA:0,createEffect
FNDA:0,(anonymous_19)
DA:2,1
DA:3,1
DA:4,1
DA:6,1
DA:18,10
DA:25,10
DA:31,10
DA:32,2
DA:35,10
DA:36,10
DA:37,0
DA:42,1
DA:44,5
DA:45,5
DA:47,5
DA:48,5
DA:49,5
DA:53,8
DA:54,8
DA:56,8
DA:57,2
DA:58,2
DA:59,2
DA:60,1
DA:61,1
DA:68,8
DA:72,2
DA:73,2
DA:77,2
DA:81,0
DA:82,0
DA:83,0
DA:87,0
DA:91,2
DA:92,2
DA:96,0
DA:102,1
DA:103,5
DA:106,5
DA:109,5
DA:110,5
DA:111,5
DA:118,3
DA:119,3
DA:124,3
DA:133,3
DA:134,1
DA:135,1
DA:143,2
DA:146,2
DA:148,2
DA:149,2
DA:153,2
DA:154,1
DA:155,1
DA:159,3
DA:160,0
DA:161,0
DA:162,0
DA:163,0
DA:164,0
DA:174,3
DA:179,3
DA:183,0
DA:184,0
DA:188,0
DA:192,0
DA:193,0
DA:194,0
DA:195,0
DA:196,0
DA:200,2
DA:209,0
LF:73
LH:53
BRDA:36,0,0,0
BRDA:56,1,0,2
BRDA:59,2,0,1
BRDA:82,3,0,0
BRDA:133,4,0,1
BRDA:133,4,1,2
BRDA:153,5,0,1
BRDA:159,6,0,0
BRDA:162,7,0,0
BRDA:193,8,0,0
BRDA:193,9,0,0
BRDA:193,9,1,0
BRDA:194,10,0,0
BRDA:195,11,0,0
BRDA:6,12,0,1
BRDA:6,12,1,1
BRF:16
BRH:7
end_of_record
TN:
SF:src/types/Attempt.ts
FN:3,(anonymous_0)
FNF:1
FNH:1
FNDA:1,(anonymous_0)
DA:3,1
DA:4,1
DA:5,1
DA:6,1
DA:7,1
DA:8,1
LF:6
LH:6
BRDA:3,0,0,1
BRDA:3,0,1,1
BRF:2
BRH:2
end_of_record
TN:
SF:src/types/Invoke.ts
FN:1,(anonymous_0)
FNF:1
FNH:1
FNDA:3,(anonymous_0)
DA:1,3
DA:2,3
DA:3,3
DA:4,3
LF:4
LH:4
BRDA:1,0,0,3
BRDA:1,0,1,3
BRF:2
BRH:2
end_of_record
